0.9096739888191223,0.8932621479034424,0.9760047793388367,0.6867672204971313,0.37967097759246826
0.90776526927948,0.8910489082336426,0.9742570519447327,0.6818215847015381,0.7220453023910522
0.9094011783599854,0.8929457664489746,0.9759269952774048,0.8071439266204834,0.37889599800109863
0.9116641283035278,0.8955729603767395,0.9750152230262756,0.8093826174736023,0.7242805361747742
0.9033976197242737,0.8859884738922119,0.969669759273529,0.801425576210022,0.7197563052177429
0.9138472080230713,0.8981088399887085,0.9726513028144836,0.6978185176849365,0.7256238460540771
0.9239857196807861,0.8970246911048889,0.9734200835227966,0.8077405691146851,0.7220019102096558
0.9062826037406921,0.8893296122550964,0.9714603424072266,0.8041237592697144,0.7212687134742737
0.915368378162384,0.9165567755699158,0.9745134115219116,0.7019343972206116,0.7265400886535645
0.9198463559150696,0.8877896666526794,0.9713732600212097,0.6749082207679749,0.3681337833404541
0.9087584018707275,0.91082364320755,0.9757159352302551,0.8058196306228638,0.7219390869140625
0.9143336415290833,0.8986741900444031,0.9740971922874451,0.6991234421730042,0.7259243130683899
0.9114287495613098,0.8952991366386414,0.9752804040908813,0.6913836598396301,0.7241660952568054
0.9044889807701111,0.8872519731521606,0.974520742893219,0.6733812093734741,0.7203201055526733
0.907835066318512,0.9105468988418579,0.9701442718505859,0.6820309162139893,0.722184419631958
0.9087978005409241,0.8922460675239563,0.9745975136756897,0.8065329790115356,0.7226333618164062
0.9073565602302551,0.9101971983909607,0.9735142588615417,0.6807655692100525,0.7218185663223267
0.9100810289382935,0.8937345147132874,0.9737656116485596,0.6878340840339661,0.3808414041996002
0.9200224280357361,0.9104850888252258,0.9767716526985168,0.7622718214988708,0.6919834017753601
0.9108656644821167,0.9129729270935059,0.9763439297676086,0.808591365814209,0.7238250970840454
0.9051553010940552,0.8880239725112915,0.9747117757797241,0.8030417561531067,0.720652163028717
0.9223079085350037,0.8934687972068787,0.9710245132446289,0.6890439391136169,0.7211761474609375
0.9134645462036133,0.8976640105247498,0.9770818948745728,0.6967942118644714,0.3908083736896515
0.9125411510467529,0.896591067314148,0.9755743145942688,0.8103010654449463,0.7248284816741943
0.9123662710189819,0.8963879942893982,0.9767704606056213,0.6938676834106445,0.38752445578575134
0.9027451276779175,0.8852333426475525,0.9740187525749207,0.8008280396461487,0.7194247245788574
0.9116616249084473,0.8955695629119873,0.9754362106323242,0.6919992566108704,0.72430419921875
0.9214709997177124,0.8903290033340454,0.9704844355583191,0.6804423332214355,0.7214139103889465
0.9200307130813599,0.8876453638076782,0.9746177792549133,0.6742656230926514,0.7204740643501282
0.914641261100769,0.9156098961830139,0.9740989208221436,0.8119222521781921,0.39638397097587585
0.9033845067024231,0.8859732747077942,0.9742029905319214,0.8014137148857117,0.3623485565185547
0.9163892865180969,0.9174036979675293,0.9745002388954163,0.7046783566474915,0.7272239327430725
0.9089455604553223,0.8924171328544617,0.9714873433113098,0.6848646998405457,0.3775961697101593
0.90835040807724,0.9109692573547363,0.9728555083274841,0.8060731887817383,0.7223605513572693
0.9073920845985413,0.8906174302101135,0.9703803062438965,0.8050949573516846,0.7217819094657898
0.9155042171478271,0.9000354409217834,0.9775485992431641,0.7022764086723328,0.7266619205474854
0.9027895927429199,0.8852847814559937,0.971985399723053,0.6690742373466492,0.7194475531578064
0.9082920551300049,0.8916592001914978,0.9714746475219727,0.8060526251792908,0.7223636507987976
0.9197603464126587,0.8891457319259644,0.9701623916625977,0.8021467924118042,0.7193483114242554
0.9069974422454834,0.9099245667457581,0.9717686772346497,0.6798298358917236,0.37221893668174744
0.9087851047515869,0.8922309875488281,0.9748854637145996,0.6844459176063538,0.7226451635360718
0.9078091979026794,0.8911095857620239,0.9754581451416016,0.8051503300666809,0.7216671109199524
0.9086964130401611,0.8921284675598145,0.974715530872345,0.8064388632774353,0.7225814461708069
0.9201164245605469,0.8878936767578125,0.9746764302253723,0.6748881340026855,0.7204909324645996
0.9088294506072998,0.8922824263572693,0.974880576133728,0.6845614314079285,0.7226700782775879
0.9091866612434387,0.8926968574523926,0.9756886959075928,0.6854937672615051,0.3782818913459778
0.9032735228538513,0.8858448266983032,0.9729939699172974,0.6702967286109924,0.7196933627128601
0.9081079959869385,0.8914457559585571,0.9711611866950989,0.8058732748031616,0.375249445438385
0.9027292132377625,0.8852148652076721,0.9722390174865723,0.8008118271827698,0.7194151282310486
0.9106284976005554,0.8943701386451721,0.9743757247924805,0.8083568215370178,0.7236903309822083
0.9057897925376892,0.8887585997581482,0.9748942255973816,0.6767042279243469,0.7210060358047485
0.9228110909461975,0.8922245502471924,0.9719804525375366,0.6844789385795593,0.7225778698921204
0.9071040153503418,0.8902816772460938,0.9706641435623169,0.680086076259613,0.37242698669433594
0.9060256481170654,0.8890319466590881,0.9749618172645569,0.677309513092041,0.7211318612098694
0.9104611277580261,0.8941767811775208,0.9762279391288757,0.6888722777366638,0.723549485206604
0.9119691252708435,0.8959270119667053,0.976657509803772,0.8097018599510193,0.7244710326194763
0.909092128276825,0.8925871849060059,0.9758387804031372,0.8068398833274841,0.7228169441223145
0.9239549040794373,0.894219696521759,0.9732064604759216,0.689079225063324,0.7234217524528503
0.9039868712425232,0.8866706490516663,0.9743763208389282,0.8019657135009766,0.7200554609298706
0.9135621786117554,0.9151289463043213,0.9765476584434509,0.6970555186271667,0.39110323786735535
0.9153203964233398,0.8998216390609741,0.977331280708313,0.7017799615859985,0.7265452146530151
0.9090795516967773,0.8925725221633911,0.9700919389724731,0.6852136850357056,0.7230030298233032
0.9122301936149597,0.8963431715965271,0.9747415781021118,0.8072354197502136,0.39880919456481934
0.9194349050521851,0.8866408467292786,0.9743689894676208,0.6720403432846069,0.3638829290866852
0.9208910465240479,0.8940503597259521,0.9756368398666382,0.8031914234161377,0.718267560005188
0.9018814563751221,0.8842340707778931,0.972290575504303,0.8000434637069702,0.7189912796020508
0.9029501080513,0.885470449924469,0.9704292416572571,0.8010135293006897,0.7195268273353577
0.9206918478012085,0.8893422484397888,0.9738557934761047,0.8035426139831543,0.7206935882568359
0.9114663004875183,0.8953428268432617,0.9764598608016968,0.6914856433868408,0.7241847515106201
0.9068671464920044,0.8900073170661926,0.970429003238678,0.80467289686203,0.37180471420288086
0.9030316472053528,0.8855648040771484,0.970474898815155,0.6696852445602417,0.3614143431186676
0.9084674119949341,0.8918625712394714,0.975660502910614,0.8062273263931274,0.3762473464012146
0.9219019412994385,0.8907031416893005,0.9745075106620789,0.6810430884361267,0.7218899130821228
0.910805344581604,0.8945767879486084,0.9773790836334229,0.689797580242157,0.7237240672111511
0.9028885364532471,0.8853992223739624,0.9740601181983948,0.669323742389679,0.7194977402687073
0.9078087210655212,0.9104902744293213,0.9742348790168762,0.6820025444030762,0.3748212158679962
0.9147512316703796,0.9158605933189392,0.975681483745575,0.7004848718643188,0.7258653044700623
0.9157581329345703,0.9168502688407898,0.9762527346611023,0.7030101418495178,0.726757287979126
0.9086056351661682,0.8920228481292725,0.9700790643692017,0.8063626289367676,0.7227618098258972
0.9207004904747009,0.8892159461975098,0.9749894142150879,0.8035693764686584,0.7207642793655396
0.9141039252281189,0.8984071612358093,0.973138153553009,0.6985063552856445,0.3927430510520935
0.9226132035255432,0.8921082615852356,0.9713307023048401,0.68436199426651,0.7223318219184875
0.9132633209228516,0.9146531820297241,0.9721307754516602,0.8107053637504578,0.724929928779602
0.9085373878479004,0.9100123047828674,0.9755815267562866,0.6853272914886475,0.7208879590034485
0.9100669026374817,0.8937183618545532,0.9730251431465149,0.8077917695045471,0.7233610153198242
0.9101479649543762,0.8938155770301819,0.977189838886261,0.6881328225135803,0.3816077411174774
0.9129860997200012,0.9146633148193359,0.9769461750984192,0.6955219507217407,0.725091278553009
0.9107201099395752,0.8944764137268066,0.9763027429580688,0.6895139813423157,0.3826901316642761
0.9078797101974487,0.9105346202850342,0.975489616394043,0.682199239730835,0.7220089435577393
0.909987211227417,0.8936256766319275,0.9702771902084351,0.8077249526977539,0.3812067210674286
0.9073720574378967,0.910104513168335,0.9753431081771851,0.6809235215187073,0.3738333582878113
0.9107965230941772,0.9129219055175781,0.9763243198394775,0.8085272312164307,0.38293424248695374
0.903936505317688,0.8866122364997864,0.9743618369102478,0.6719763875007629,0.7200340032577515
0.9031256437301636,0.8856736421585083,0.9714937210083008,0.8011745810508728,0.36166974902153015
0.9239860773086548,0.9014596343040466,0.9766578078269958,0.8068829774856567,0.7182806730270386
0.9089870452880859,0.8924652338027954,0.9755943417549133,0.6849732398986816,0.7227572798728943
0.9127680659294128,0.9144797325134277,0.9768840670585632,0.6949509978294373,0.7249460220336914
0.9110084176063538,0.8948110342025757,0.976384699344635,0.808745801448822,0.7239193320274353
0.9278289675712585,0.9173206090927124,0.9775135517120361,0.8038904666900635,0.6797676086425781
0.9082803726196289,0.891645610332489,0.9749624133110046,0.6831331253051758,0.7223622798919678
0.9063819050788879,0.8894451856613159,0.9713960886001587,0.8041926026344299,0.7212971448898315
0.9068261384963989,0.8899596333503723,0.9706598520278931,0.6793707609176636,0.7215608358383179
0.9069879651069641,0.8901472091674805,0.9730300307273865,0.6797866821289062,0.7216506600379944
0.9113961458206177,0.9133979678153992,0.9764948487281799,0.6913009881973267,0.72414231300354
0.9110220670700073,0.8948269486427307,0.9751216769218445,0.6903095245361328,0.7239277958869934
0.9163407683372498,0.901809573173523,0.9758213758468628,0.7226281762123108,0.7145353555679321
0.9126805067062378,0.9144230484962463,0.9768595695495605,0.6947041749954224,0.724911630153656
0.9080353379249573,0.8913617730140686,0.9755366444587708,0.8057858943939209,0.3751066029071808
0.9087049961090088,0.8921421766281128,0.9757237434387207,0.6843885779380798,0.7224124073982239
0.9080608487129211,0.8913919925689697,0.9755434393882751,0.8057853579521179,0.7221934795379639
0.9064039587974548,0.9087738990783691,0.9708797931671143,0.6791710257530212,0.37431395053863525
0.9102903008460999,0.8939775824546814,0.9757466912269592,0.6883876323699951,0.7234971523284912
0.9045894742012024,0.8873683214187622,0.9745495915412903,0.8025296926498413,0.720372200012207
0.9228007197380066,0.9050428867340088,0.9716327786445618,0.7424982190132141,0.5106281042098999
0.9083439111709595,0.8917193412780762,0.9756252765655518,0.68329918384552,0.7223966121673584
0.9143549203872681,0.8986989259719849,0.9731791019439697,0.6991801261901855,0.7259384393692017
0.9034340381622314,0.8860306143760681,0.9742172360420227,0.8014598488807678,0.36247822642326355
0.9151381254196167,0.9161763191223145,0.9737417697906494,0.812685489654541,0.726113498210907
0.9145529866218567,0.898929238319397,0.977389931678772,0.8123872876167297,0.7260620594024658
0.9133559465408325,0.897537887096405,0.9722546339035034,0.8111365437507629,0.7253192067146301
0.9072830677032471,0.8904892206192017,0.9703621864318848,0.6805493235588074,0.7218483686447144
0.9143098592758179,0.8986466526985168,0.977321207523346,0.812132716178894,0.39336907863616943
0.9197395443916321,0.8872124552726746,0.970719039440155,0.802339494228363,0.7202391028404236
0.9214180707931519,0.8899051547050476,0.9751773476600647,0.6792590022087097,0.7215229868888855
0.9146538972854614,0.8990470170974731,0.9751459956169128,0.8124721050262451,0.7261042594909668
0.9214819669723511,0.8903802633285522,0.9704794883728027,0.6805813312530518,0.7214072346687317
0.9197363257408142,0.8871358036994934,0.9733747839927673,0.6731261610984802,0.7202677130699158
0.9076223373413086,0.890882670879364,0.9754189848899841,0.8054035902023315,0.7219932079315186
0.9245064854621887,0.9084227085113525,0.9768351316452026,0.8041996359825134,0.5386576056480408
0.9112114310264587,0.8950467109680176,0.9764423966407776,0.8089506030082703,0.3841220438480377
0.9214821457862854,0.8906815052032471,0.975341260433197,0.8045976161956787,0.721269428730011
0.9210929870605469,0.9063167572021484,0.9715127348899841,0.795533299446106,0.6860654950141907
0.9145578145980835,0.9159173369407654,0.9721812009811401,0.8123767971992493,0.7260497212409973
0.9238442778587341,0.8939235210418701,0.9728509187698364,0.6883269548416138,0.3816319406032562
0.9171242117881775,0.9028033018112183,0.9733505845069885,0.8047783970832825,0.71378093957901
0.9170956611633301,0.9018869400024414,0.9763223528862,0.815097451210022,0.7276887893676758
0.9093093276023865,0.8928390741348267,0.9759007692337036,0.8070535063743591,0.7229398488998413
0.9084262847900391,0.8918166756629944,0.9756467938423157,0.8060946464538574,0.7223513126373291
0.923828125,0.8944234251976013,0.9721921682357788,0.6898428201675415,0.7231329083442688
0.9144148230552673,0.8987688422203064,0.9760597944259644,0.8122302889823914,0.3937315344810486
0.9130414128303528,0.914707601070404,0.9769619107246399,0.695669412612915,0.7251248955726624
0.9105982184410095,0.8943349719047546,0.9762679934501648,0.8083347082138062,0.7236806750297546
0.9104531407356262,0.8941667079925537,0.9735921621322632,0.8081777691841125,0.7235849499702454
0.9241652488708496,0.8955483436584473,0.9743636846542358,0.8082146048545837,0.7231225967407227
0.9103016257286072,0.893990695476532,0.9749019145965576,0.6884133815765381,0.7235090732574463
0.9095234870910645,0.8930877447128296,0.9750605225563049,0.6863772869110107,0.7230579257011414
0.9108612537384033,0.9129771590232849,0.9763427972793579,0.6898860335350037,0.7238333821296692
0.9177945256233215,0.9060709476470947,0.9729042649269104,0.7848515510559082,0.6232789158821106
0.9231783151626587,0.8928822875022888,0.9721521139144897,0.686001181602478,0.7228394746780396
0.9072909355163574,0.8904983997344971,0.9743449091911316,0.8050879836082458,0.7218151688575745
0.915200412273407,0.9098342061042786,0.9762057065963745,0.8025287985801697,0.4638439416885376
0.9141295552253723,0.9155343174934387,0.9765279293060303,0.6986263394355774,0.7257281541824341
0.9034104943275452,0.8860032558441162,0.9742105007171631,0.6706430912017822,0.3624148964881897
0.9036757946014404,0.8863104581832886,0.9704737067222595,0.6713154315948486,0.36312004923820496
0.9093875288963318,0.9117502570152283,0.9759213328361511,0.80704265832901,0.7228977084159851
0.910366952419281,0.8940664529800415,0.976202130317688,0.6885849237442017,0.7235466837882996
0.9120997786521912,0.9139454364776611,0.9766944646835327,0.8098286390304565,0.7245427370071411
0.9112594127655029,0.8951027989387512,0.9753541946411133,0.8089895844459534,0.3842962384223938
0.9077759385108948,0.9105085134506226,0.9703812003135681,0.6818689703941345,0.7221014499664307
0.9193655252456665,0.8865650296211243,0.9743492007255554,0.6719008088111877,0.7199780344963074
0.9083812832832336,0.911000669002533,0.9756353497505188,0.6834197044372559,0.37611228227615356
0.9134495854377747,0.9150384068489075,0.9770776629447937,0.8112367391586304,0.7253797650337219
0.9139412045478821,0.9154314398765564,0.972161054611206,0.6980714201927185,0.392255574464798
0.9075625538825989,0.8908132910728455,0.9754018783569336,0.6812722086906433,0.37370631098747253
0.9055861830711365,0.8885231018066406,0.9697597622871399,0.6761945486068726,0.7209190130233765
0.9075295329093933,0.8907750248908997,0.9737105369567871,0.8053167462348938,0.7219449281692505
0.9070137143135071,0.890178382396698,0.9752434492111206,0.6799097657203674,0.7215948700904846
0.9185094237327576,0.9067426323890686,0.9757634401321411,0.785370409488678,0.6270167827606201
0.9089853763580322,0.9112722277641296,0.9757994413375854,0.8064208030700684,0.7224463820457458
0.9131746888160706,0.8973272442817688,0.9766577482223511,0.6960200667381287,0.3899369537830353
0.9047414660453796,0.887544572353363,0.974592924118042,0.8026577830314636,0.7204382419586182
0.9100300073623657,0.9123173356056213,0.9761061668395996,0.6877033114433289,0.38070932030677795
0.9230212569236755,0.8967956304550171,0.9752891063690186,0.8062045574188232,0.7203731536865234
0.9214067459106445,0.9055601954460144,0.9726399779319763,0.7558290958404541,0.553566038608551
0.9061894416809082,0.889221727848053,0.9750087857246399,0.8040358424186707,0.7212193608283997
0.9076697826385498,0.8909375071525574,0.9729379415512085,0.6815487742424011,0.7220246195793152
0.9064700603485107,0.8895468711853027,0.9749130010604858,0.6784514784812927,0.7213708162307739
0.9101346731185913,0.8937968015670776,0.9753096699714661,0.687974750995636,0.723412811756134
0.9073742032051086,0.890595018863678,0.9741601943969727,0.6807889342308044,0.7218559980392456
0.903421938419342,0.8860166072845459,0.9742137789726257,0.6706722974777222,0.7197694778442383
0.9234717488288879,0.8942030072212219,0.9761877655982971,0.6896296739578247,0.7226795554161072
0.9057945013046265,0.8887640237808228,0.9748955368995667,0.6767165064811707,0.7210082411766052
0.9124638438224792,0.8969775438308716,0.9725331664085388,0.8033486604690552,0.42494723200798035
0.9139758944511414,0.9154555797576904,0.9767059087753296,0.6981678605079651,0.7256966233253479
0.9133040904998779,0.9143171310424805,0.9769862294197083,0.8102163076400757,0.7244170308113098
0.9097762703895569,0.893380880355835,0.9736459851264954,0.6870354413986206,0.7232068181037903
0.9103280901908875,0.8940241932868958,0.9755957722663879,0.8079255819320679,0.7233871817588806
0.9161530137062073,0.9007900953292847,0.9751628041267395,0.704033374786377,0.7270768880844116
0.9160617589950562,0.9006839394569397,0.9750789999961853,0.8139837980270386,0.7270163297653198
0.9153535962104797,0.9165676236152649,0.9776161909103394,0.8132291436195374,0.3965797424316406
0.9091007113456726,0.8925971388816833,0.9731612801551819,0.6852689385414124,0.722822904586792
0.9209448099136353,0.8899383544921875,0.9751495718955994,0.803860604763031,0.720798909664154
0.9076090455055237,0.8908675312995911,0.9754148125648499,0.8053736090660095,0.7219692468643188
0.9166326522827148,0.9067697525024414,0.9755077958106995,0.7573468685150146,0.5691291093826294
0.9068489074707031,0.8899860978126526,0.972652792930603,0.8046548366546631,0.7215656042098999
0.913723349571228,0.9152538776397705,0.9771550893783569,0.8115150928497314,0.7255421280860901
0.907987654209137,0.8913061618804932,0.9734489917755127,0.8057625889778137,0.3748900294303894
0.9063486456871033,0.8894075155258179,0.9750530123710632,0.8041192293167114,0.370591938495636
0.9059209823608398,0.8889105916023254,0.9738122224807739,0.6770407557487488,0.36916786432266235
0.9084737300872803,0.8918697834014893,0.975662350654602,0.6836355924606323,0.37625908851623535
0.9083419442176819,0.8917192816734314,0.9744357466697693,0.8059977293014526,0.7222897410392761
0.912175178527832,0.914016604423523,0.9754704236984253,0.6933648586273193,0.7246034145355225
0.9136602282524109,0.8978933095932007,0.974783182144165,0.8113628625869751,0.7254177927970886
0.9092085957527161,0.9116430282592773,0.9758712649345398,0.806913435459137,0.3784933388233185
0.9080337882041931,0.8913597464561462,0.9743679761886597,0.8057970404624939,0.37505629658699036
0.9079976677894592,0.9107228517532349,0.9730347990989685,0.6823988556861877,0.7222052812576294
0.9069150686264038,0.8900715112686157,0.9752049446105957,0.8043503165245056,0.721238374710083
0.9072622656822205,0.8904650807380676,0.9741370677947998,0.680496871471405,0.7217977643013
0.9035245776176453,0.8861353993415833,0.9742433428764343,0.8015427589416504,0.7198215126991272
0.9135670065879822,0.897783100605011,0.9729249477386475,0.697068452835083,0.3911186158657074
0.9096606969833374,0.8932469487190247,0.9760007858276367,0.8073909282684326,0.3796716332435608
0.9086886048316956,0.8921191096305847,0.9757236838340759,0.6841946244239807,0.7225908041000366
0.9166219830513,0.9013357162475586,0.9761478304862976,0.705306887626648,0.4005209505558014
0.920363187789917,0.8881645798683167,0.9739733934402466,0.6753921508789062,0.7207332253456116
0.9232590198516846,0.8941963911056519,0.9761590957641602,0.6899060606956482,0.38669678568840027
0.9123126268386841,0.8963274359703064,0.9744306802749634,0.8099719285964966,0.7245972752571106
0.9042799472808838,0.887009859085083,0.9744606018066406,0.6728493571281433,0.7202115058898926
0.9242039322853088,0.8961467146873474,0.9740861058235168,0.8082051277160645,0.7228774428367615
0.9098960161209106,0.8935203552246094,0.9756049513816833,0.8076075315475464,0.7232487201690674
0.9068416357040405,0.8899852633476257,0.9751854538917542,0.8043182492256165,0.721236526966095
0.9098160862922668,0.911949098110199,0.9703122973442078,0.8072711229324341,0.7230590581893921
0.9202145934104919,0.8957958817481995,0.9712824821472168,0.801672637462616,0.7152414321899414
0.9135014414787292,0.9095332026481628,0.9760124683380127,0.8027820587158203,0.7148406505584717
0.9062538743019104,0.8892982602119446,0.9750252366065979,0.8040053844451904,0.7211640477180481
0.9093612432479858,0.8928994536399841,0.9759155511856079,0.6859526038169861,0.37879228591918945
0.9207220673561096,0.8888354897499084,0.9749111533164978,0.6769327521324158,0.36926907300949097
0.9043868184089661,0.8871335983276367,0.9733459949493408,0.6731209754943848,0.7202672958374023
0.9264979958534241,0.9138972163200378,0.9750139713287354,0.7861196994781494,0.6781189441680908
0.9066616892814636,0.8897753953933716,0.9699457883834839,0.8042051196098328,0.7212226390838623
0.9096827507019043,0.9117994904518127,0.9759972095489502,0.807076632976532,0.7228105068206787
0.903842568397522,0.8865035772323608,0.9743347764015198,0.8018338084220886,0.7199825644493103
0.9120480418205261,0.8967896699905396,0.9757370352745056,0.8003842234611511,0.712580680847168
0.9088103175163269,0.8922602534294128,0.9704996943473816,0.8065639734268188,0.7227952480316162
0.9134238958358765,0.8976168036460876,0.9770703911781311,0.6966856122016907,0.39068591594696045
0.9167779684066772,0.9015172123908997,0.975692868232727,0.7057313919067383,0.7274818420410156
0.9111282825469971,0.894950270652771,0.975040853023529,0.6905906796455383,0.7239890098571777
0.9081546664237976,0.8915000557899475,0.9755709767341614,0.8059133291244507,0.7222817540168762
0.9130247831344604,0.8971530795097351,0.9769571423530579,0.8107946515083313,0.725117564201355
0.9116671085357666,0.9135316014289856,0.976569414138794,0.6921047568321228,0.7241880893707275
0.9028828144073486,0.8853926658630371,0.9705769419670105,0.8009519577026367,0.7194926142692566
0.9153165221214294,0.899817168712616,0.9760008454322815,0.7017701864242554,0.7265416383743286
0.914879560470581,0.8993088603019714,0.9747744202613831,0.7005910873413086,0.39511165022850037
0.917600154876709,0.9024741649627686,0.9757835865020752,0.7079741954803467,0.4036143124103546
0.9033055305480957,0.8858818411827087,0.9741801619529724,0.8013412356376648,0.7197095155715942
0.9196591973304749,0.8871057629585266,0.9744820594787598,0.673128068447113,0.7201688289642334
0.9037253856658936,0.8863678574562073,0.9743010997772217,0.6714410781860352,0.7199251651763916
0.9064993262290955,0.8895807862281799,0.9711315035820007,0.6785268783569336,0.3707541525363922
0.9129104614257812,0.8970202207565308,0.97679203748703,0.8106788396835327,0.38915255665779114
0.9099525213241577,0.8935855627059937,0.9759235978126526,0.6875029802322388,0.7233000993728638
0.9116384983062744,0.8955426812171936,0.9765638113021851,0.6919379234313965,0.3853740990161896
0.9067885279655457,0.8899209499359131,0.9751745462417603,0.8043822646141052,0.3723878264427185
0.9090882539749146,0.9106690883636475,0.9757674932479858,0.8055577874183655,0.7215246558189392
0.9101525545120239,0.8938176035881042,0.9746362566947937,0.6880219578742981,0.3810473680496216
0.9064795970916748,0.9089167714118958,0.972419798374176,0.6792475581169128,0.7205168604850769
0.9049361944198608,0.8877699375152588,0.9746491312980652,0.6745229363441467,0.7205520868301392
0.9089071154594421,0.9111992120742798,0.9757765531539917,0.8063279390335083,0.7223864197731018
0.9195542335510254,0.8868982791900635,0.9744313955307007,0.6726479530334473,0.7201066017150879
0.9197805523872375,0.8880426287651062,0.9724153280258179,0.6757490038871765,0.7199251055717468
0.9136995673179626,0.9129458665847778,0.9734970331192017,0.7011991143226624,0.4062826335430145
0.904815673828125,0.887631356716156,0.9713572263717651,0.8026854991912842,0.3663773238658905
0.9088084101676941,0.8922582864761353,0.9749842286109924,0.8065468072891235,0.722642719745636
0.9188331961631775,0.8861724138259888,0.972515344619751,0.8010997176170349,0.7193759083747864
0.9064967632293701,0.8895778059959412,0.9750819206237793,0.6785202622413635,0.370746910572052
0.9195632338523865,0.8869220018386841,0.9744370579719543,0.8021069169044495,0.7201094031333923
0.9214363098144531,0.8900434970855713,0.9740661382675171,0.804596483707428,0.37227100133895874
0.9049085974693298,0.8877378702163696,0.9746412038803101,0.8028256893157959,0.7205371856689453
0.9091810584068298,0.8926905989646912,0.9748958349227905,0.8069168925285339,0.3783046305179596
0.9080169796943665,0.9107329845428467,0.9722685813903809,0.6824545860290527,0.7222092151641846
0.9103835225105286,0.8940868377685547,0.9756765365600586,0.8080562353134155,0.38194236159324646
0.9132852554321289,0.8974558115005493,0.9732354879379272,0.6963173151016235,0.7252770662307739
0.9128245711326599,0.9144826531410217,0.9721552729606628,0.6951460242271423,0.7249206304550171
0.9153218865394592,0.8998233675956726,0.9767404794692993,0.7017839550971985,0.7265459895133972
0.9095163345336914,0.8930794596672058,0.9702394604682922,0.8072549700737,0.7231484055519104
0.9145520329475403,0.8989281058311462,0.9768000841140747,0.8123862743377686,0.7260614633560181
0.9074612855911255,0.8906967043876648,0.9753721952438354,0.6810405850410461,0.37356331944465637
0.904229462146759,0.8869516849517822,0.9696798920631409,0.8021841645240784,0.7201745510101318
0.9090712070465088,0.8925819993019104,0.971721351146698,0.685826301574707,0.7222240567207336
0.9099270105361938,0.8935559391975403,0.9751326441764832,0.6874305605888367,0.3803984224796295
0.9100574254989624,0.8937438130378723,0.9732385277748108,0.6888887286186218,0.7221177220344543
0.9048840999603271,0.8877100348472595,0.9746338129043579,0.8027841448783875,0.7205061316490173
0.914759635925293,0.8991695046424866,0.9754000902175903,0.7002685070037842,0.39474496245384216
0.9050009846687317,0.8878448605537415,0.9746677875518799,0.6746870875358582,0.3666728138923645
0.9102149605751038,0.8938899636268616,0.976158857345581,0.8079519271850586,0.7234588861465454
0.9045856595039368,0.8873640298843384,0.9745483994483948,0.8025227785110474,0.7203669548034668
0.9055832028388977,0.888519287109375,0.9736712574958801,0.6761752367019653,0.7208957076072693
0.9079048037528992,0.8912100195884705,0.9735819697380066,0.6821576356887817,0.7221543788909912
0.9178687334060669,0.918606162071228,0.9760578870773315,0.8159324526786804,0.4044944941997528
0.9045085310935974,0.8872745633125305,0.9697200059890747,0.673431396484375,0.720329999923706
0.9079030752182007,0.8912080526351929,0.9743736982345581,0.6821535229682922,0.7221531271934509
0.9216842651367188,0.900892972946167,0.9751456379890442,0.8027048707008362,0.7123342752456665
0.909068763256073,0.8925600647926331,0.9742427468299866,0.685185432434082,0.3779430687427521
0.9086877703666687,0.8921181559562683,0.9735571146011353,0.8064441084861755,0.7225900292396545
0.9056532382965088,0.8886010646820068,0.9748544096946716,0.8034965991973877,0.3685554265975952
0.9122810363769531,0.896289050579071,0.9767463207244873,0.6936413645744324,0.3872716724872589
0.9101455211639404,0.8938094973564148,0.9745906591415405,0.8078795671463013,0.723415732383728
0.9226087331771851,0.8923540115356445,0.9719265699386597,0.8061437606811523,0.7222132086753845
0.9077016711235046,0.8909746408462524,0.9742546081542969,0.6816368699073792,0.7220349311828613
0.909671425819397,0.9115235209465027,0.9703766107559204,0.8066889643669128,0.7225073575973511
0.9081592559814453,0.9108030796051025,0.9727926254272461,0.8058643937110901,0.7222318649291992
0.9089824557304382,0.911252498626709,0.9757976531982422,0.8063933253288269,0.7224203944206238
0.9099194407463074,0.8935470581054688,0.9760746955871582,0.6874101758003235,0.38037562370300293
0.9113967418670654,0.8952620029449463,0.9752240777015686,0.69129878282547,0.7241477966308594
0.9235035181045532,0.8933820128440857,0.9729253053665161,0.6871095895767212,0.7231090068817139
0.912273108959198,0.9140968322753906,0.9713748097419739,0.6936225891113281,0.38725924491882324
0.9045799970626831,0.8873575925827026,0.9745466709136963,0.8025110960006714,0.7203578352928162
0.9022138118743896,0.8846184611320496,0.9738656282424927,0.8003448843955994,0.7191578149795532
0.9121184349060059,0.8961001634597778,0.9767001271247864,0.6932098269462585,0.7245756983757019
0.9197530746459961,0.8901735544204712,0.9716237187385559,0.8019975423812866,0.3837120831012726
0.9098296165466309,0.8934429287910461,0.9705142378807068,0.807562530040741,0.7232310771942139
0.9076234698295593,0.8908838629722595,0.9710973501205444,0.6814291477203369,0.7219985723495483
0.9024381041526794,0.8848779797554016,0.9716896414756775,0.8005473613739014,0.7192690968513489
0.9096304178237915,0.8932141661643982,0.9759896993637085,0.8072488903999329,0.7230027914047241
0.9126569628715515,0.8967256546020508,0.9768529534339905,0.6946405172348022,0.7248987555503845
0.9133498668670654,0.8975307941436768,0.9765342473983765,0.8111332654953003,0.3904663026332855
0.9106271266937256,0.8943684697151184,0.976276159286499,0.8083636164665222,0.7236975431442261
0.9101443886756897,0.9123973250389099,0.9761384129524231,0.8078631162643433,0.7234001159667969
0.9211839437484741,0.8898439407348633,0.9739729762077332,0.6793507933616638,0.7212029695510864
0.9042426943778992,0.8869667649269104,0.9696617126464844,0.8022046089172363,0.3646412193775177
0.9022108912467957,0.8846151232719421,0.9726384878158569,0.6676163673400879,0.7191562652587891
0.9054806232452393,0.8884004354476929,0.9748055338859558,0.6759130358695984,0.3679712116718292
0.909355878829956,0.8928931355476379,0.9746569991111755,0.8070980310440063,0.722964882850647
0.9244070053100586,0.8959951400756836,0.9750563502311707,0.8085450530052185,0.7232887148857117
0.9037575125694275,0.8864049911499023,0.9696718454360962,0.6715224981307983,0.7199416160583496
0.9050294756889343,0.8878781795501709,0.974675714969635,0.8029271364212036,0.7205892205238342
0.9096794724464417,0.9119894504547119,0.9760048389434814,0.8073439598083496,0.7230767011642456
0.9108102917671204,0.894581139087677,0.9763283133506775,0.8085471987724304,0.7238039970397949
0.9139525890350342,0.9154360890388489,0.9772199392318726,0.6981064677238464,0.725680947303772
0.917245626449585,0.8884713649749756,0.9737608432769775,0.7983354330062866,0.7154248356819153
0.9096108675003052,0.9119883179664612,0.9759867191314697,0.6866036057472229,0.3794979155063629
0.9173418879508972,0.9181804060935974,0.9762811660766602,0.7072698473930359,0.4027990996837616
0.9130548238754272,0.8971879482269287,0.9769657850265503,0.8108294606208801,0.38957780599594116
0.9197783470153809,0.887252151966095,0.974519670009613,0.6734150648117065,0.3654490113258362
0.9165567755699158,0.9012598991394043,0.9763152599334717,0.7051298022270203,0.7273378968238831
0.9134560227394104,0.9150324463844299,0.9761871099472046,0.6967832446098328,0.7253680229187012
0.9133018255233765,0.914904773235321,0.9770353436470032,0.6963759064674377,0.7252675890922546
0.908899188041687,0.8923633098602295,0.9731590151786804,0.6847431063652039,0.7227092385292053
0.9113375544548035,0.8951932787895203,0.9764782786369324,0.6911423206329346,0.3844912052154541
0.909066379070282,0.8925572633743286,0.9758315086364746,0.6851793527603149,0.7228034138679504
0.907653272151947,0.8909183740615845,0.9719995260238647,0.6815057396888733,0.3739536702632904
0.9243713021278381,0.8948751091957092,0.9740862846374512,0.6905546188354492,0.7237648367881775
0.9137735962867737,0.9152889847755432,0.9717288017272949,0.8115599751472473,0.7255658507347107
0.9153358340263367,0.8998395800590515,0.977611243724823,0.7018215656280518,0.3965151011943817
0.9241362810134888,0.9092288017272949,0.9767786264419556,0.8018428683280945,0.6959942579269409
0.910667896270752,0.8944156765937805,0.9752059578895569,0.8084043860435486,0.7237211465835571
0.9141025543212891,0.8984056711196899,0.9753486514091492,0.6985061168670654,0.7257769107818604
0.9089917540550232,0.8924711346626282,0.9753594994544983,0.8067231774330139,0.7227424383163452
0.9095276594161987,0.9118665456771851,0.974704384803772,0.807189404964447,0.37954387068748474
0.9053489565849304,0.8882480263710022,0.9747676253318787,0.8032363057136536,0.7207667231559753
0.9118409156799316,0.8957785367965698,0.9747764468193054,0.8095486164093018,0.724372148513794
0.904973566532135,0.887813150882721,0.9734636545181274,0.6746172308921814,0.36659881472587585
0.9110237956047058,0.9117326736450195,0.9762542247772217,0.6922317743301392,0.7219130396842957
0.9196763634681702,0.8872784376144409,0.9726483225822449,0.6736108064651489,0.366155207157135
0.9054487347602844,0.8883635401725769,0.9747962951660156,0.8033316731452942,0.7208209037780762
0.9094515442848206,0.8930042386054993,0.9743830561637878,0.8071938753128052,0.723020613193512
0.908259928226471,0.9107866883277893,0.9707633256912231,0.8058295845985413,0.7221802473068237
0.9138558506965637,0.9153587818145752,0.9761970639228821,0.6978470087051392,0.72562175989151
0.907370924949646,0.890591025352478,0.9704047441482544,0.6807762384414673,0.7218941450119019
0.9144400358200073,0.898797869682312,0.9767502546310425,0.6994085311889648,0.3937656283378601
0.905547559261322,0.8884779810905457,0.9748246669769287,0.6760839819908142,0.7208768725395203
0.9079888463020325,0.891307532787323,0.9700167179107666,0.6823763847351074,0.37541502714157104
0.9238016605377197,0.8940207362174988,0.9727738499641418,0.6886631846427917,0.7232770919799805
0.9084970951080322,0.8918969035148621,0.9729024171829224,0.6836959719657898,0.7224836945533752
0.9100881814956665,0.8937478065490723,0.977157473564148,0.6880345344543457,0.7231571674346924
0.909450113773346,0.893002450466156,0.9759409427642822,0.6861816048622131,0.7230209708213806
0.9123968482017517,0.8964237570762634,0.9767789244651794,0.8101409077644348,0.7247294783592224
0.9104360342025757,0.894146740436554,0.9762218594551086,0.8081725239753723,0.7235866785049438
0.9099392890930176,0.893570065498352,0.9749820232391357,0.6874622702598572,0.723300576210022
0.9015110731124878,0.8838056325912476,0.9726284742355347,0.7997094392776489,0.7188073992729187
0.9155173897743225,0.9000506401062012,0.9739072918891907,0.7023120522499084,0.7266701459884644
0.9120012521743774,0.913531482219696,0.9720568060874939,0.693295419216156,0.7240083813667297
0.905144214630127,0.8880107402801514,0.969933807849884,0.6750524044036865,0.7206634283065796
0.9221746325492859,0.891124963760376,0.9736728668212891,0.6819701194763184,0.722110390663147
0.905761182308197,0.8887255787849426,0.9698493480682373,0.6766353845596313,0.7209855914115906
0.9079930186271667,0.9104527831077576,0.9755136966705322,0.6826921701431274,0.7218362092971802
0.9088598489761353,0.9113987684249878,0.9740327596664429,0.6846408843994141,0.37735164165496826
0.9123980402946472,0.8964248895645142,0.9767794609069824,0.6939522624015808,0.7247427701950073
0.9095737934112549,0.8931462168693542,0.9704995155334473,0.8073047399520874,0.7230805158615112
0.9193978309631348,0.8865789771080017,0.9743536114692688,0.6719040274620056,0.3637377917766571
0.9083209037780762,0.8916926383972168,0.9756186008453369,0.6832423806190491,0.7223796248435974
0.9090152978897095,0.8924981355667114,0.9758169054985046,0.6850478053092957,0.7227725386619568
0.913091242313385,0.9147446751594543,0.97574782371521,0.6958053112030029,0.7251512408256531
0.9201899766921997,0.9020330309867859,0.9743283987045288,0.7986420392990112,0.7029842138290405
0.9179620146751404,0.8842546343803406,0.9723508358001709,0.8000190258026123,0.7189608812332153
0.9146625399589539,0.9160112142562866,0.9774209260940552,0.7000081539154053,0.7261289358139038
0.9230207800865173,0.8986183404922485,0.976548969745636,0.8058604598045349,0.7189024686813354
0.9140109419822693,0.9154882431030273,0.9772365689277649,0.8118196725845337,0.7257246971130371
0.9082695841789246,0.891633152961731,0.9711286425590515,0.683106541633606,0.7223544120788574
0.9111573100090027,0.8949839472770691,0.9705494046211243,0.6906664967536926,0.724145770072937
0.9106029272079468,0.9127729535102844,0.9721538424491882,0.6892055869102478,0.38235005736351013
0.9035769701004028,0.8861960768699646,0.9697317481040955,0.8015906810760498,0.719848096370697
0.9143801927566528,0.8987284302711487,0.9773411154747009,0.8122062683105469,0.39358359575271606
0.9108876585960388,0.8946723341941833,0.9716861248016357,0.6900104880332947,0.7237773537635803
0.9032220840454102,0.8857853412628174,0.9721187353134155,0.670167088508606,0.7196668982505798
0.9230197668075562,0.9017868041992188,0.9755993485450745,0.8049808740615845,0.4570535719394684
0.9218536019325256,0.9019507765769958,0.9763647317886353,0.8025570511817932,0.7108697891235352
0.9222831130027771,0.8913790583610535,0.974392831325531,0.6825916767120361,0.7221603989601135
0.9056550860404968,0.8886024951934814,0.9748013019561768,0.8035301566123962,0.7209342122077942
0.9189593195915222,0.8859809041023254,0.9699007272720337,0.8013082146644592,0.36277472972869873
0.9083685278892517,0.9103559851646423,0.9704397916793823,0.8052130341529846,0.7215906381607056
0.908033549785614,0.8913663029670715,0.9719520211219788,0.6827422976493835,0.3766411542892456
0.9204558730125427,0.8917317390441895,0.9753142595291138,0.8028718829154968,0.7190394401550293
0.9099874496459961,0.8936259746551514,0.9741009473800659,0.6875889301300049,0.7233278751373291
0.9043573141098022,0.8870995044708252,0.9744828343391418,0.6730464696884155,0.7202512621879578
0.9041252136230469,0.8868308067321777,0.9744160175323486,0.8020949959754944,0.7201279997825623
0.9117587804794312,0.8956825733184814,0.9726693630218506,0.6922621130943298,0.38575515151023865
0.908578634262085,0.8919914364814758,0.9756922721862793,0.6839084029197693,0.7225291132926941
0.9084975123405457,0.9108884930610657,0.9701542854309082,0.8059428930282593,0.7223605513572693
0.9044448733329773,0.8872008323669434,0.9745080471038818,0.6732687950134277,0.36517196893692017
0.9108470678329468,0.8946252465248108,0.9757800102233887,0.8085068464279175,0.7237494587898254
0.908231258392334,0.8915886878967285,0.9755278825759888,0.6830055117607117,0.7223349213600159
0.9234579205513,0.8939197659492493,0.9753164052963257,0.8072889447212219,0.7227934002876282
0.9146392941474915,0.8990294337272644,0.9768430590629578,0.8124778866767883,0.7261160016059875
0.9131833910942078,0.8973373770713806,0.9757704734802246,0.8109612464904785,0.7252169251441956
0.9127175807952881,0.8967960476875305,0.9715473651885986,0.6948018670082092,0.7249353528022766
0.9089592695236206,0.8924331665039062,0.9758008122444153,0.8067030310630798,0.7227357029914856
0.9065345525741577,0.8896234631538391,0.9751057624816895,0.804276168346405,0.7213186621665955
0.9150840044021606,0.916281521320343,0.9751154184341431,0.7012144923210144,0.7262946367263794
0.9100174307823181,0.893660843372345,0.9734439849853516,0.6876678466796875,0.7233447432518005
0.9154748916625977,0.9000012874603271,0.9752393960952759,0.7021974921226501,0.7266427278518677
0.9099723696708679,0.9122452139854431,0.9705075025558472,0.6875810027122498,0.7232863306999207
0.9145001173019409,0.8988677263259888,0.9770162105560303,0.6995698809623718,0.7260292768478394
0.9119476079940796,0.8959028720855713,0.9733686447143555,0.8096287250518799,0.3865225911140442
0.9145100116729736,0.9157400727272034,0.974606454372406,0.6997545957565308,0.7258211970329285
0.9090178608894348,0.8925014138221741,0.9749076962471008,0.8067455291748047,0.7227540016174316
0.9087377190589905,0.8921759724617004,0.9701941013336182,0.8064923286437988,0.7228207588195801
0.9228408336639404,0.8938038349151611,0.9760368466377258,0.6892791986465454,0.721871018409729
0.9146577715873718,0.8990511894226074,0.9742459058761597,0.8124878406524658,0.7261182069778442
0.9050815105438232,0.8879382610321045,0.9746909141540527,0.8029875755310059,0.7206279635429382
0.9231539368629456,0.8931939601898193,0.9722331166267395,0.8068954944610596,0.381149023771286
0.9099888801574707,0.8936277031898499,0.9742380380630493,0.6875926852226257,0.723328709602356
0.9061669111251831,0.8891956210136414,0.9707479476928711,0.8040130138397217,0.7212058305740356
0.9034914374351501,0.886097252368927,0.9709547162055969,0.8015013933181763,0.719793975353241
0.9227802753448486,0.8921808004379272,0.9740580916404724,0.8064256906509399,0.7225508093833923
0.905769944190979,0.8887356519699097,0.970379650592804,0.8036360144615173,0.7209927439689636
0.9159677624702454,0.9005745649337769,0.9765856862068176,0.7035309076309204,0.3984747529029846
0.9107539057731628,0.8945169448852539,0.9763109683990479,0.6896541714668274,0.7237045168876648
0.9101495742797852,0.893814206123352,0.9738688468933105,0.6880144476890564,0.7234209179878235
0.9137030839920044,0.915233314037323,0.977149248123169,0.6974409818649292,0.7255234718322754
0.9142965078353882,0.9086766839027405,0.9718316793441772,0.8008342385292053,0.7105081081390381
0.9245026111602783,0.8964396119117737,0.9750828146934509,0.8086445927619934,0.7232171297073364
0.9038968086242676,0.8865662813186646,0.9743503928184509,0.6718757748603821,0.3637070059776306
0.9127483367919922,0.8969303369522095,0.9746801853179932,0.6974716782569885,0.7223283648490906
0.9126175045967102,0.9143705368041992,0.9768416881561279,0.694538950920105,0.388287216424942
0.9130316972732544,0.8971612453460693,0.972622275352478,0.8107970356941223,0.38953879475593567
0.9116902351379395,0.895602822303772,0.9765785336494446,0.8094313144683838,0.7243178486824036
0.9191526770591736,0.886300802230835,0.9706842303276062,0.6713827252388,0.7197849154472351
0.9106156229972839,0.8943551182746887,0.975021243095398,0.6892390251159668,0.3823868930339813
0.9150058627128601,0.8994558453559875,0.9746605157852173,0.8128610253334045,0.3955095112323761
0.9075707197189331,0.8908228278160095,0.9700213074684143,0.6812987923622131,0.7219947576522827
0.9109281897544861,0.9129844903945923,0.9763606786727905,0.6901112198829651,0.723808765411377
0.9108625650405884,0.8946417570114136,0.9750751852989197,0.8085992932319641,0.723834216594696
0.9110926389694214,0.8949093818664551,0.9715050458908081,0.8088032603263855,0.7239419221878052
0.9121817350387573,0.8961737155914307,0.9755131006240845,0.6933785080909729,0.7246124148368835
0.9083595275878906,0.8917373418807983,0.9744100570678711,0.6833381056785583,0.7224070429801941
0.9142124652862549,0.9156113266944885,0.9732163548469543,0.69883793592453,0.7257943749427795
0.911161482334137,0.8949888348579407,0.9742318987846375,0.6906788349151611,0.7240075469017029
0.9159837365150452,0.9005932807922363,0.976139485836029,0.8138978481292725,0.7269637584686279
0.9126840233802795,0.8967571258544922,0.9768606424331665,0.6947126984596252,0.7249150276184082
0.9118857979774475,0.895829975605011,0.9749525189399719,0.6925955414772034,0.7244336009025574
0.9075855016708374,0.8908399343490601,0.9706102013587952,0.8053667545318604,0.7219759225845337
0.9092161655426025,0.8927313089370728,0.9721384048461914,0.8069536089897156,0.7228788733482361
0.9050030708312988,0.8878472447395325,0.9746683239936829,0.8029152750968933,0.7205880284309387
0.9069466590881348,0.8900994658470154,0.9738362431526184,0.804749608039856,0.7216198444366455
0.9040752649307251,0.8867735862731934,0.9713912010192871,0.8020192384719849,0.7200733423233032
0.9183987379074097,0.9034038782119751,0.9764360189437866,0.7101627588272095,0.7285548448562622
0.9088231325149536,0.8922750949859619,0.9700779914855957,0.6845451593399048,0.7228327393531799
0.9099305868148804,0.8935600519180298,0.9733132719993591,0.8076665997505188,0.38041767477989197
0.9188666343688965,0.8857090473175049,0.9741371273994446,0.6700038313865662,0.7196290493011475
0.918450653553009,0.8850429058074951,0.9739707112312317,0.8006550669670105,0.7193195223808289
0.9121518135070801,0.9140023589134216,0.9767096042633057,0.8099036812782288,0.7245954871177673
0.9064392447471619,0.8895115256309509,0.9738872647285461,0.8042537569999695,0.3706626892089844
0.9120919108390808,0.896069347858429,0.9766925573348999,0.8098400235176086,0.3867214024066925
0.9100289344787598,0.8936741948127747,0.9761059284210205,0.6876975893974304,0.7233520150184631
0.9065755605697632,0.8896723389625549,0.9751158952713013,0.8042552471160889,0.37151429057121277
0.9141637086868286,0.915520191192627,0.9767628908157349,0.8118483424186707,0.3933824300765991
0.9057197570800781,0.8886808156967163,0.9736551642417908,0.8034412860870361,0.7208214998245239
0.9041137099266052,0.8868173956871033,0.9732270836830139,0.6724271774291992,0.7201247215270996
0.914747416973114,0.89915531873703,0.9748968482017517,0.700235903263092,0.7261826395988464
0.9092210531234741,0.8927366733551025,0.9734925627708435,0.6855829954147339,0.7228909730911255
0.9043293595314026,0.8870671987533569,0.9697277545928955,0.802284300327301,0.720233678817749
0.9054555892944336,0.8883716464042664,0.9747982025146484,0.6758526563644409,0.7208234071731567
0.9046978950500488,0.8874942064285278,0.9696816802024841,0.802608847618103,0.7204074859619141
0.9086840748786926,0.9112608432769775,0.973530113697052,0.68418288230896,0.37685298919677734
0.9121213555335999,0.9138352274894714,0.9759743809700012,0.6933714151382446,0.724376380443573
0.9176075458526611,0.9183954000473022,0.9766773581504822,0.7079973816871643,0.7280230522155762
0.9084919095039368,0.8918913006782532,0.9756671786308289,0.8062334656715393,0.7224614024162292
0.9064934849739075,0.909311056137085,0.9727438688278198,0.6787871718406677,0.7210582494735718
0.9086560606956482,0.8920814394950867,0.9705629944801331,0.8064128160476685,0.7226797342300415
0.9083887338638306,0.8917715549468994,0.9756379127502441,0.8061405420303345,0.3760617673397064
0.9150164723396301,0.899468183517456,0.9771464467048645,0.8128752708435059,0.7263529896736145
0.9039453864097595,0.8866224884986877,0.9696673154830933,0.6719992160797119,0.7200383543968201
0.915036678314209,0.8994916081428528,0.975749671459198,0.7010147571563721,0.3955950140953064
0.9115800261497498,0.8954750299453735,0.9765470027923584,0.8093116283416748,0.7242447733879089
0.9083128571510315,0.8916841149330139,0.9756155014038086,0.806032657623291,0.722335696220398
0.9090607166290283,0.8925510048866272,0.9755011796951294,0.8067976832389832,0.7227880358695984
0.9071164131164551,0.8902959823608398,0.9752742648124695,0.804919958114624,0.37246519327163696
0.9184373617172241,0.8850821256637573,0.9700291752815247,0.8006312251091003,0.7192834615707397
0.9109751582145691,0.9130674600601196,0.9763752222061157,0.690186083316803,0.7238999605178833
0.9055494070053101,0.8884802460670471,0.9748252630233765,0.6760887503623962,0.3681553304195404
0.9084855318069458,0.8918835520744324,0.9756656885147095,0.6836661696434021,0.7224768996238708
0.9180370569229126,0.8843836188316345,0.9716938138008118,0.8001157641410828,0.719012439250946
0.9231939315795898,0.8961734175682068,0.9759393334388733,0.8065835237503052,0.7211140394210815
0.9086273312568665,0.8920479416847229,0.975706160068512,0.8063841462135315,0.37669578194618225
0.9071465134620667,0.8903318047523499,0.9752820730209351,0.8049094080924988,0.7216974496841431
0.9169992208480835,0.9017747044563293,0.9768006205558777,0.7063339948654175,0.727626383304596
0.9044084548950195,0.8871586918830872,0.9744975566864014,0.6731764674186707,0.7202781438827515
0.9118330478668213,0.8957685828208923,0.971044659614563,0.8095788359642029,0.7244052290916443
0.9049506187438965,0.8877869248390198,0.9746529459953308,0.8028472661972046,0.7205418944358826
0.9073042273521423,0.9101536870002747,0.9733487963676453,0.6806332468986511,0.7217863202095032
0.9160770177841187,0.9138860106468201,0.9749706983566284,0.7102433443069458,0.7215219140052795
0.905491054058075,0.8884129524230957,0.9729316830635071,0.6759539246559143,0.7208293080329895
0.9084011912345886,0.8917858600616455,0.9717104434967041,0.8061605095863342,0.7224260568618774
0.9077883958816528,0.8910754323005676,0.9754661917686462,0.8055528402328491,0.7220737338066101
0.9156678318977356,0.900225818157196,0.9758089780807495,0.8135595321655273,0.7267600297927856
0.9066538214683533,0.8897601366043091,0.9715535044670105,0.8044644594192505,0.7214560508728027
0.9117391705513,0.9135991930961609,0.9765902757644653,0.8093778491020203,0.7242453098297119
0.9053855538368225,0.8882903456687927,0.9747782349586487,0.6756693124771118,0.720791220664978
0.9215158820152283,0.8917539715766907,0.9755241870880127,0.8045245409011841,0.7207961082458496
0.9187143445014954,0.9046099781990051,0.9734638333320618,0.7301754355430603,0.7153640985488892
0.9100887775421143,0.9123490452766418,0.9761225581169128,0.8078016638755798,0.7233619689941406
0.9150509238243103,0.916318416595459,0.9769022464752197,0.7010596990585327,0.7263648509979248
0.9197456240653992,0.8871791958808899,0.9745019674301147,0.6732408404350281,0.365215927362442
0.9230931401252747,0.8926243782043457,0.9741573929786682,0.6853384971618652,0.7228249907493591
0.9055160284042358,0.8884470462799072,0.9708540439605713,0.8031548857688904,0.7206203937530518
0.9030529856681824,0.8855894804000854,0.9698096513748169,0.8011089563369751,0.7195802927017212
0.9105399250984192,0.894267201423645,0.9749882221221924,0.8082761764526367,0.3821680545806885
0.9131759405136108,0.9147418737411499,0.9757845997810364,0.8108428120613098,0.39033243060112
0.9200778007507324,0.8896476030349731,0.9723233580589294,0.6803009510040283,0.7195916771888733
0.9227762818336487,0.8923275470733643,0.9728577733039856,0.8064043521881104,0.7224797010421753
0.9129652976989746,0.9146183729171753,0.9721158742904663,0.695496141910553,0.7250387072563171
0.9112704992294312,0.8951154947280884,0.9734712839126587,0.690968930721283,0.7240684628486633
0.9078983664512634,0.9106374382972717,0.9740778803825378,0.6821497678756714,0.722139835357666
0.908443808555603,0.89183509349823,0.9743773937225342,0.6835574507713318,0.3761729300022125
0.9130911827087402,0.9147480130195618,0.9757528901100159,0.6958013772964478,0.3897063732147217
0.9168525338172913,0.9177655577659607,0.9754437804222107,0.8148090839385986,0.40133482217788696
0.9050583839416504,0.887911319732666,0.9746842980384827,0.6748329997062683,0.7206185460090637
0.9159360527992249,0.9006603956222534,0.9777878522872925,0.8109127283096313,0.7238175272941589
0.9140178561210632,0.8983070254325867,0.9763861894607544,0.6982752680778503,0.7257297039031982
0.9209598898887634,0.8892715573310852,0.9702941179275513,0.67793208360672,0.7211246490478516
0.9084822535514832,0.8918797969818115,0.9756647348403931,0.68365877866745,0.7224738001823425
0.9106813073158264,0.8944319486618042,0.9731422662734985,0.8083876967430115,0.7236993908882141
0.9087561964988708,0.9109184741973877,0.9757229089736938,0.8059529066085815,0.7220743894577026
0.9048486948013306,0.8876684904098511,0.9746240377426147,0.6742984652519226,0.7205076813697815
0.908038854598999,0.8913655281066895,0.9717627167701721,0.6825055480003357,0.722228467464447
0.9123769402503967,0.8964004516601562,0.9725300073623657,0.6938977837562561,0.3875639736652374
0.9039765000343323,0.8866586089134216,0.9743733406066895,0.8019568920135498,0.7200508713722229
0.9078794121742249,0.8911807537078857,0.9742365479469299,0.8056491613388062,0.7221320271492004
0.9207106232643127,0.8891294002532959,0.9738205671310425,0.8035942316055298,0.720818817615509
0.9082505106925964,0.8916109204292297,0.9753462076187134,0.6830549836158752,0.37562865018844604
0.9085087776184082,0.8919104933738708,0.9753733277320862,0.6837270259857178,0.7224895358085632
0.9101372957229614,0.893799901008606,0.9761367440223694,0.8078747391700745,0.38100311160087585
0.907925009727478,0.8912336826324463,0.971666693687439,0.805700957775116,0.7221647500991821
0.9093552827835083,0.9117308259010315,0.9759122729301453,0.6859961748123169,0.7228876948356628
0.9069114327430725,0.8900585770606995,0.9739089608192444,0.8047149777412415,0.7215998768806458
0.9028736352920532,0.8853819966316223,0.9697312116622925,0.8009451627731323,0.719489574432373
0.9106670618057251,0.8944148421287537,0.9762876033782959,0.6893743276596069,0.7237207889556885
0.9051998257637024,0.8881067037582397,0.9756850004196167,0.6761807203292847,0.7196336984634399
0.9063567519187927,0.8894160985946655,0.9701026678085327,0.8041627407073975,0.7212778329849243
0.9134271740913391,0.9148190021514893,0.9763234853744507,0.6969121098518372,0.725079357624054
0.9162179231643677,0.9008656740188599,0.9752388596534729,0.8141512274742126,0.727117121219635
0.9121396541595459,0.8961248397827148,0.9720557928085327,0.6932679414749146,0.7245858311653137
0.9145837426185608,0.8989649415016174,0.9721772074699402,0.8124196529388428,0.726081371307373
0.9099573493003845,0.8935909867286682,0.9760854840278625,0.8076956272125244,0.7233105897903442
0.912386953830719,0.8964120149612427,0.9714725017547607,0.693922758102417,0.7247363328933716
0.9170193076133728,0.9059894680976868,0.9738144278526306,0.7676856517791748,0.6700328588485718
0.9112102389335632,0.9132508635520935,0.9751812815666199,0.6908095479011536,0.724033534526825
0.9065876603126526,0.8896833658218384,0.9707657694816589,0.8044010400772095,0.37105026841163635
0.9043192863464355,0.8870556950569153,0.9717279076576233,0.6729540824890137,0.7202266454696655
0.9070566892623901,0.8902267813682556,0.9717915654182434,0.6799637675285339,0.7216882109642029
0.9068494439125061,0.8899900913238525,0.9751939177513123,0.8045008182525635,0.7214140892028809
0.915021538734436,0.9101012349128723,0.9762661457061768,0.8031179308891296,0.7136352062225342
0.9067911505699158,0.8899193406105042,0.9751806855201721,0.6792964339256287,0.7215220332145691
0.9225309491157532,0.8917440176010132,0.9718330502510071,0.6833829283714294,0.7223697900772095
0.9135527610778809,0.897766649723053,0.9771068692207336,0.6970304250717163,0.7254433035850525
0.9150134921073914,0.9161015152931213,0.9767481088638306,0.8125914931297302,0.7260725498199463
0.9199835658073425,0.8981088399887085,0.9729613661766052,0.800499439239502,0.7115359902381897
0.9082298874855042,0.9108545780181885,0.9714978933334351,0.8059276342391968,0.7222657799720764
0.9090073704719543,0.8924927115440369,0.975810170173645,0.8065714240074158,0.7225867509841919
0.9146427512168884,0.9090245962142944,0.9759513139724731,0.8012998700141907,0.46768808364868164
0.9226691722869873,0.8919809460639954,0.9744494557380676,0.8062757849693298,0.7224723100662231
0.9148312211036682,0.9161481857299805,0.9773864150047302,0.7004609704017639,0.7262363433837891
0.9019919037818909,0.884361743927002,0.9727734923362732,0.6670657396316528,0.7190466523170471
0.9191394448280334,0.8863866925239563,0.9742990136146545,0.8015324473381042,0.7197281122207642
0.9114301204681396,0.8953007459640503,0.9765046238899231,0.8091711401939392,0.3847629725933075
0.9088508486747742,0.8923072218894958,0.9754275679588318,0.6846176385879517,0.7226813435554504
0.9074597954750061,0.8906942009925842,0.9753724932670593,0.6810076236724854,0.7219061851501465
0.9118081331253052,0.8957396745681763,0.9766119718551636,0.6923877000808716,0.7243902087211609
0.908057689666748,0.8913873434066772,0.9734029769897461,0.682554304599762,0.7222391366958618
0.9114216566085815,0.9133515954017639,0.9765001535415649,0.8090631365776062,0.724064290523529
0.9126412272453308,0.8967074155807495,0.9768484830856323,0.6945986151695251,0.72488933801651
0.9173007607460022,0.9021257162094116,0.9757438898086548,0.815320611000061,0.4026636779308319
0.9099442958831787,0.8935761451721191,0.9753303527832031,0.8076715469360352,0.7232921123504639
0.9075836539268494,0.910386323928833,0.971625804901123,0.6813401579856873,0.7219593524932861
0.9041135311126709,0.8868172764778137,0.9732415676116943,0.8020843267440796,0.720122218132019
0.9116078615188599,0.895507276058197,0.9765550494194031,0.8093460202217102,0.7242672443389893
0.9066962003707886,0.8898102045059204,0.9751527309417725,0.8044565320014954,0.3715267777442932
0.9245812892913818,0.9131338000297546,0.9771844148635864,0.7546166181564331,0.5356112718582153
0.9086781144142151,0.892106831073761,0.9714460372924805,0.6841670870780945,0.722585141658783
0.9095242023468018,0.8930884599685669,0.9746883511543274,0.8072661757469177,0.7230625152587891
0.9084908962249756,0.891889750957489,0.970062255859375,0.6836801171302795,0.7226930260658264
0.9221817851066589,0.9015756845474243,0.9764514565467834,0.8034122586250305,0.7127971649169922
0.9215483069419861,0.8914238810539246,0.9709663391113281,0.8046144843101501,0.7210148572921753
0.9209344983100891,0.9083150625228882,0.9769375324249268,0.7975398302078247,0.68624347448349
0.9140279293060303,0.8983188271522522,0.9764174222946167,0.6983031034469604,0.7257349491119385
0.9128409028053284,0.9145360589027405,0.9769047498703003,0.6951468586921692,0.7249875664710999
0.906959593296051,0.8901143074035645,0.9709823131561279,0.679714024066925,0.7216346263885498
0.9082842469215393,0.910909116268158,0.9738524556159973,0.8059971928596497,0.7223123908042908
0.9034643769264221,0.8860657215118408,0.970775842666626,0.6707804203033447,0.7197903394699097
0.9164981245994568,0.9174953103065491,0.9773951768875122,0.7049707770347595,0.7272993326187134
0.9203163385391235,0.8883923888206482,0.9736055135726929,0.6761119365692139,0.7205643653869629
0.9100348949432373,0.9122936129570007,0.9761068224906921,0.8077298998832703,0.7233130931854248
0.912775993347168,0.8968639969825745,0.9756513237953186,0.8105416297912598,0.724969744682312
0.918674886226654,0.9047503471374512,0.9772602915763855,0.805305540561676,0.712409496307373
0.9025076031684875,0.8849585056304932,0.9710866212844849,0.6683634519577026,0.7193052768707275
0.9200787544250488,0.8877816200256348,0.973476231098175,0.6746058464050293,0.7204848527908325
0.9116975665092468,0.8956112861633301,0.9765806198120117,0.809441864490509,0.7243252396583557
0.9133104085922241,0.8975811004638672,0.976396918296814,0.6989118456840515,0.72270667552948
0.9091534614562988,0.8926582336425781,0.975856363773346,0.6854064464569092,0.7228527665138245
0.9133479595184326,0.9147707223892212,0.9730720520019531,0.6966835260391235,0.7250528931617737
0.9141339659690857,0.8984421491622925,0.9734269976615906,0.6985872983932495,0.7258008718490601
0.9109432697296143,0.8947368860244751,0.9763646125793457,0.8086009621620178,0.7238032221794128
0.9115862846374512,0.895482063293457,0.9711228609085083,0.8093287348747253,0.38522303104400635
0.9193792343139648,0.8866418600082397,0.9743669033050537,0.8018622994422913,0.7199645042419434
0.9119402170181274,0.8958930373191833,0.9755082726478577,0.6927369832992554,0.7244695425033569
0.9093049168586731,0.892839789390564,0.9758924841880798,0.806785523891449,0.7226771712303162
0.905984103679657,0.8889850378036499,0.9749486446380615,0.6772516965866089,0.7210506200790405
0.9136142134666443,0.8978380560874939,0.9758771061897278,0.6971945762634277,0.7254810929298401
0.9117804169654846,0.8957075476646423,0.9763907790184021,0.6923168301582336,0.7243702411651611
0.9134533405303955,0.8976510167121887,0.9770786762237549,0.8112402558326721,0.7253816723823547
0.9071843028068542,0.8903762102127075,0.9699339866638184,0.8049125075340271,0.7217686176300049
0.9093985557556152,0.8929427266120911,0.9732629060745239,0.6860471367835999,0.7229915261268616
0.9236851930618286,0.8937488794326782,0.9757122993469238,0.6879891753196716,0.3814755082130432
0.9098167419433594,0.912134051322937,0.9705338478088379,0.6871601939201355,0.38017091155052185
0.9075526595115662,0.8908018469810486,0.9751042723655701,0.8053396940231323,0.721958339214325
0.9178833365440369,0.8841078281402588,0.9704775214195251,0.7999191284179688,0.7189120054244995
0.9093759655952454,0.8929165005683899,0.9720430374145508,0.8071151375770569,0.37883803248405457
0.9056041836738586,0.888543426990509,0.9720312356948853,0.8034818768501282,0.7209069728851318
0.9123585820198059,0.9141190052032471,0.9767670035362244,0.810046374797821,0.3877429962158203
0.9059122800827026,0.8889005184173584,0.9710277318954468,0.6770185232162476,0.7210713624954224
0.9182636737823486,0.8847566246986389,0.971685528755188,0.8004096746444702,0.35974085330963135
0.9199897646903992,0.8896059393882751,0.9749602675437927,0.8024397492408752,0.7194727659225464
0.9151811003684998,0.8996596336364746,0.9749616384506226,0.813046395778656,0.3960476517677307
0.9061053991317749,0.8891257047653198,0.9699094295501709,0.8038883805274963,0.7211079597473145
0.9042319059371948,0.8869542479515076,0.9698430895805359,0.6727270483970642,0.7201867699623108
0.9093641638755798,0.8929027915000916,0.9759163856506348,0.8071044087409973,0.37880104780197144
0.914216935634613,0.8985385894775391,0.9742764234542847,0.6988108158111572,0.7258511781692505
0.9196975827217102,0.8871836066246033,0.9745009541511536,0.6733094453811646,0.7201906442642212
0.9125080704689026,0.8965526819229126,0.9765619039535522,0.6942446231842041,0.38794681429862976
0.9072728157043457,0.8904772996902466,0.9710647463798523,0.680522084236145,0.7218061089515686
0.9233272671699524,0.8961148858070374,0.976419985294342,0.6961851119995117,0.7213900089263916
0.9084240794181824,0.8918125629425049,0.9756478667259216,0.8061716556549072,0.37617334723472595
0.915207028388977,0.899689793586731,0.9775747656822205,0.7014740109443665,0.7264734506607056
0.9125086665153503,0.8965534567832947,0.9758287668228149,0.694246768951416,0.7248087525367737
0.9028944373130798,0.8854060769081116,0.9701141715049744,0.6693386435508728,0.7195008397102356
0.9187528491020203,0.8855223655700684,0.9740906357765198,0.6695971488952637,0.7195460796356201
0.9014320373535156,0.8837141394615173,0.9707834720611572,0.7996383905410767,0.7187682390213013
0.91864013671875,0.8853468894958496,0.9708894491195679,0.6692216396331787,0.36097463965415955
0.9095320701599121,0.8930975794792175,0.9703924059867859,0.8072744607925415,0.7232352495193481
0.9241542220115662,0.8947563767433167,0.9743272066116333,0.8082842826843262,0.3848530948162079
0.9089962840080261,0.892475962638855,0.9758114218711853,0.8067431449890137,0.7227603793144226
0.9140340089797974,0.8983267545700073,0.974729597568512,0.8117978572845459,0.7256937026977539
0.9229965806007385,0.8924677968025208,0.97369784116745,0.6849862337112427,0.7227488160133362
0.9140753746032715,0.9155375361442566,0.9767419099807739,0.8118833303451538,0.7257610559463501
0.9084668755531311,0.8918619751930237,0.9750102162361145,0.8062253594398499,0.37625065445899963
0.9088659882545471,0.9107353687286377,0.9702282547950745,0.8056814670562744,0.7219038605690002
0.9119648933410645,0.9133414626121521,0.9715509414672852,0.8089831471443176,0.7237541675567627
0.9083224534988403,0.8916945457458496,0.9717088341712952,0.8060842752456665,0.7223826050758362
0.9080077409744263,0.891329824924469,0.9710581302642822,0.805762529373169,0.7221921682357788
0.9100788235664368,0.9123393297195435,0.9761196970939636,0.8077892065048218,0.7233537435531616
0.9236242771148682,0.8938665390014648,0.9741902947425842,0.8075530529022217,0.7230751514434814
0.9081370830535889,0.8914806246757507,0.9708676338195801,0.6828060746192932,0.375521183013916
0.9043129086494446,0.887048065662384,0.9744700789451599,0.6729335188865662,0.7202283143997192
0.9105415940284729,0.8942690491676331,0.9762519001960754,0.8082780838012695,0.7236478924751282
0.9059367179870605,0.8889288306236267,0.9738149046897888,0.8037962913513184,0.7210842370986938
0.91415935754776,0.8984717726707458,0.9733932018280029,0.8119671940803528,0.7258092761039734
0.9042988419532776,0.8870320916175842,0.97010338306427,0.802240252494812,0.7202025651931763
0.9133040904998779,0.8974775671958923,0.9770364165306091,0.6963655352592468,0.7252911925315857
0.9054416418075562,0.8883553147315979,0.974794328212738,0.6758134365081787,0.36786597967147827
0.9104918837547302,0.8942115306854248,0.9750305414199829,0.688913881778717,0.7236186265945435
0.9200664162635803,0.8987545371055603,0.9740174412727356,0.8003916144371033,0.7106989622116089
0.9114311337471008,0.8953019976615906,0.9710599184036255,0.8091706037521362,0.7241662740707397
0.9242475032806396,0.8945593237876892,0.9737046360969543,0.6897569298744202,0.3831692337989807
0.9106230139732361,0.8943636417388916,0.9750001430511475,0.6892582774162292,0.7236951589584351
0.9097873568534851,0.8933938145637512,0.9760371446609497,0.8075268864631653,0.7232131958007812
0.9061513543128967,0.8891775012016296,0.9704601764678955,0.6776324510574341,0.7211989760398865
0.9247556328773499,0.9141455888748169,0.977676510810852,0.7835169434547424,0.6783875823020935
0.9195168018341064,0.8870031237602234,0.9744524359703064,0.8020288944244385,0.3654734194278717
0.9140310883522034,0.8983225226402283,0.9770880341529846,0.8118415474891663,0.7257378697395325
0.9189284443855286,0.8858533501625061,0.974172055721283,0.8012760281562805,0.36222976446151733
0.9174292087554932,0.9022752046585083,0.9760420918464661,0.7075072526931763,0.7279089689254761
0.9098071455955505,0.8934168219566345,0.9747518301010132,0.6871160864830017,0.7232246398925781
0.911548376083374,0.8954381346702576,0.9765380620956421,0.8092852830886841,0.7242317199707031
0.914523720741272,0.8988953232765198,0.9767160415649414,0.6996335983276367,0.7260441184043884
0.911040186882019,0.9131143093109131,0.9763935804367065,0.808771014213562,0.3836475908756256
0.9089539647102356,0.8924268484115601,0.9757994413375854,0.6848858594894409,0.3776167631149292
0.9127793908119202,0.8968678116798401,0.9768876433372498,0.6949663162231445,0.3887540400028229
0.9227063655853271,0.8920244574546814,0.9751573204994202,0.6840090155601501,0.72250896692276
0.9061794877052307,0.889210045337677,0.9750059247016907,0.8040260672569275,0.7212137579917908
0.9211808443069458,0.8895269632339478,0.9709534645080566,0.678425133228302,0.7213385105133057
0.9086887836456299,0.9112482070922852,0.9708099365234375,0.8064224720001221,0.37720537185668945
0.9209170341491699,0.8896709084510803,0.9739081263542175,0.6791657209396362,0.7208812832832336
0.9201465249061584,0.8879193663597107,0.9746834635734558,0.6749280691146851,0.7205236554145813
0.9122734069824219,0.914096474647522,0.9767440557479858,0.810023844242096,0.3872629404067993
0.9115723371505737,0.9135308861732483,0.9765447378158569,0.8093000650405884,0.7242364883422852
0.9145241379737854,0.8994792699813843,0.9767205119132996,0.8045135140419006,0.7164611220359802
0.9111768007278442,0.9132248163223267,0.9764325022697449,0.8089117407798767,0.38403451442718506
0.9195548295974731,0.9052810668945312,0.9751152396202087,0.8104085922241211,0.4517880082130432
0.9215813875198364,0.8975648283958435,0.9761723279953003,0.7066507339477539,0.7166335582733154
0.9149439930915833,0.91617751121521,0.974600613117218,0.7008277773857117,0.7262192368507385
0.9164831042289734,0.9173212051391602,0.9759650826454163,0.8142000436782837,0.7270544171333313
0.9070716500282288,0.8902441263198853,0.971120297908783,0.6800028085708618,0.7216960787773132
0.9012624621391296,0.8835180401802063,0.9720028042793274,0.6652368307113647,0.7186846137046814
0.9109567403793335,0.8947511315345764,0.9746413230895996,0.6901382803916931,0.7238885760307312
0.9083926677703857,0.8917762041091919,0.9756388068199158,0.806138277053833,0.7224075794219971
0.9041220545768738,0.8868271112442017,0.9708001613616943,0.6724504828453064,0.7201268076896667
0.923910915851593,0.90425705909729,0.976956307888031,0.8057591915130615,0.7138329744338989
0.9098615646362305,0.8934802412986755,0.9707547426223755,0.8075831532478333,0.7232386469841003
0.9097959399223328,0.8934038877487183,0.973209023475647,0.8075292110443115,0.7232118844985962
0.9233659505844116,0.8975738286972046,0.9762572646141052,0.806641697883606,0.7204765677452087
0.9089995622634888,0.8924798369407654,0.9758124351501465,0.8067496418952942,0.37774866819381714
0.9136486649513245,0.8978780508041382,0.9725528359413147,0.6972867846488953,0.3913643956184387
0.9051780700683594,0.8880501389503479,0.9697166681289673,0.6751435995101929,0.7206801772117615
0.9060121774673462,0.8890162706375122,0.9749579429626465,0.8038652539253235,0.7211220860481262
0.9101986885070801,0.8938711881637573,0.9739881753921509,0.6881433129310608,0.7234492301940918
0.9139918088912964,0.8982768654823303,0.9762247800827026,0.6982055306434631,0.7257136106491089
0.9096722602844238,0.8932662606239319,0.9759969115257263,0.8071383237838745,0.722876250743866
0.9032308459281921,0.8857953548431396,0.9730100035667419,0.8012726902961731,0.7196714282035828
0.9148396849632263,0.9158391952514648,0.973487377166748,0.812231183052063,0.7257856726646423
0.9118240475654602,0.8959168195724487,0.9733142256736755,0.8061532378196716,0.4011082351207733
0.9209453463554382,0.8914247155189514,0.9705847501754761,0.803680956363678,0.7200453877449036
0.9101779460906982,0.8938471078872681,0.9702802896499634,0.688088595867157,0.3818930983543396
0.9112308621406555,0.8950695991516113,0.9711045026779175,0.808966875076294,0.7240468859672546
0.9024227261543274,0.8848601579666138,0.9708868861198425,0.6681492924690247,0.3598150610923767
0.9072981476783752,0.8905071020126343,0.975325882434845,0.8050755858421326,0.7218003273010254
0.919880211353302,0.8875626921653748,0.9745925664901733,0.8025127649307251,0.36664533615112305
0.9076547622680664,0.9102252721786499,0.9754191040992737,0.6817717552185059,0.7217012643814087
0.9154564142227173,0.8999797701835632,0.9755487442016602,0.7021477222442627,0.7266308665275574
0.922084629535675,0.9052569270133972,0.9731435775756836,0.7487156987190247,0.7018036842346191
0.9073368310928345,0.890551745891571,0.9753372669219971,0.6806922554969788,0.7218356728553772
0.9108967781066895,0.8946815133094788,0.9705784916877747,0.6899793148040771,0.7239231467247009
0.910076379776001,0.9123551845550537,0.9761193990707397,0.6878238916397095,0.7233768701553345
0.9034085869789124,0.8860011100769043,0.9742098450660706,0.6706382632255554,0.36240968108177185
0.9089513421058655,0.8924238681793213,0.9757987260818481,0.6848791241645813,0.3776094913482666
0.9084779620170593,0.8918747305870056,0.9730073809623718,0.6836462020874023,0.72247314453125
0.9200311899185181,0.8877514004707336,0.9746412038803101,0.674572765827179,0.7204286456108093
0.9099637269973755,0.8935984373092651,0.9760873317718506,0.687526524066925,0.7233144044876099
0.9136999845504761,0.8979377150535583,0.975914478302002,0.6974239945411682,0.7255337238311768
0.9087172746658325,0.8921574950218201,0.9745171070098877,0.8062340021133423,0.3778238296508789
0.9080094695091248,0.8913318514823914,0.9755294322967529,0.8057649731636047,0.37501969933509827
0.9094533920288086,0.8930063843727112,0.9759418368339539,0.6861923336982727,0.3790496587753296
0.9049188494682312,0.8877497911453247,0.9746441841125488,0.8028340339660645,0.3664621114730835
0.9114340543746948,0.8953056335449219,0.9725691676139832,0.6914128065109253,0.7241493463516235
0.9027772545814514,0.8852704763412476,0.9728542566299438,0.8008559346199036,0.7194395661354065
0.9138450026512146,0.8981062769889832,0.9770212173461914,0.6978123188018799,0.7256230115890503
0.9097029566764832,0.8932971358299255,0.9749159812927246,0.8073779344558716,0.7231006622314453
0.9107646346092224,0.8945282697677612,0.9763151407241821,0.808491587638855,0.723767876625061
0.9050742387771606,0.8879297375679016,0.9746888279914856,0.6748744249343872,0.7206257581710815
0.9090379476547241,0.8925246000289917,0.9755178689956665,0.8067678809165955,0.7227678894996643
0.9037119746208191,0.8863523006439209,0.9696466326713562,0.6714071035385132,0.7199181914329529
0.9070339202880859,0.8902003765106201,0.9710045456886292,0.6799047589302063,0.37223079800605774
0.9133243560791016,0.8975011706352234,0.9770421981811523,0.696419894695282,0.7253036499023438
0.9136883020401001,0.8979241251945496,0.9738565683364868,0.697394847869873,0.7255237102508545
0.9192432761192322,0.8863619565963745,0.9742987751960754,0.6714545488357544,0.7198892831802368
0.9200652837753296,0.9009383916854858,0.9726390838623047,0.7991827726364136,0.7057815194129944
0.9157736301422119,0.900350034236908,0.9755616188049316,0.7030612230300903,0.398145854473114
0.910217821598053,0.8938933610916138,0.9761596918106079,0.688193142414093,0.7234606742858887
0.926067590713501,0.9014930725097656,0.9752718210220337,0.710037112236023,0.7229200601577759
0.9077782034873962,0.9105163216590881,0.9699463248252869,0.6818681955337524,0.37528228759765625
0.9147119522094727,0.8991144895553589,0.9753026366233826,0.8125330209732056,0.7261404395103455
0.9057088494300842,0.888664960861206,0.9703823924064636,0.6765063405036926,0.36863237619400024
0.9123594164848328,0.9141618013381958,0.9767683744430542,0.8101071119308472,0.7247114181518555
0.9117270708084106,0.8956456184387207,0.9765889644622803,0.6921740174293518,0.7243409156799316
0.9040158987045288,0.8867043852806091,0.9710577726364136,0.8019843101501465,0.36407220363616943
0.9129347801208496,0.8970491290092468,0.9779403209686279,0.6954086422920227,0.725028395652771
0.9113733172416687,0.8952369689941406,0.972295343875885,0.809000551700592,0.38499942421913147
0.9084969162940979,0.8918967247009277,0.9703232645988464,0.8062577843666077,0.7226647138595581
0.9069057106971741,0.8900518417358398,0.9719327092170715,0.8047162294387817,0.3718876540660858
0.9068846106529236,0.8900275826454163,0.9712198376655579,0.804686963558197,0.7215829491615295
0.9046124815940857,0.8873950839042664,0.9745561480522156,0.8025469183921814,0.7203801870346069
0.9117701053619385,0.8956960439682007,0.9751508831977844,0.8094883561134338,0.724341630935669
0.9041075706481934,0.886810302734375,0.9744110107421875,0.8020820021629333,0.7201222777366638
0.9219656586647034,0.8933202028274536,0.9758157730102539,0.805026113986969,0.3894825279712677
0.9102241396903992,0.8939006924629211,0.972693681716919,0.6882115602493286,0.723461925983429
0.9054199457168579,0.8883302807807922,0.9747880101203918,0.675761878490448,0.7208036780357361
0.9068938493728638,0.890038013458252,0.9724262952804565,0.6795439124107361,0.7215993404388428
0.9137505292892456,0.898705780506134,0.9719008207321167,0.8026397824287415,0.44485053420066833
0.9161847829818726,0.9010542631149292,0.9740340113639832,0.7094761729240417,0.7223073840141296
0.9078823328018188,0.9105463027954102,0.9721301198005676,0.8055400252342224,0.7220236659049988
0.9230668544769287,0.8927387595176697,0.9717455506324768,0.6857041120529175,0.7227349281311035
0.9089574217796326,0.9112275242805481,0.9757902026176453,0.8063614368438721,0.7223988175392151
0.9092345237731934,0.8927527070045471,0.9758790731430054,0.6856358647346497,0.7228760719299316
0.9035155773162842,0.8861250877380371,0.9704034328460693,0.8015283346176147,0.7198109030723572
0.9041662216186523,0.886878252029419,0.9744279384613037,0.6725600361824036,0.7201528549194336
0.9043917059898376,0.8871393799781799,0.9744925498962402,0.8023370504379272,0.7202609777450562
0.9178032875061035,0.8839614391326904,0.9710083603858948,0.7998172044754028,0.3578430116176605
0.9128544330596924,0.9144347310066223,0.9723343253135681,0.6953027248382568,0.724837064743042
0.9114885330200195,0.8953686952590942,0.9751798510551453,0.8092237114906311,0.38495758175849915
0.9209728837013245,0.8924415111541748,0.9755059480667114,0.8035833835601807,0.7195044159889221
0.9041414260864258,0.886850118637085,0.9722521305084229,0.8020804524421692,0.7201074957847595
0.9144597053527832,0.8988208174705505,0.9768148064613342,0.8122875690460205,0.7260019779205322
0.9061028361320496,0.8891212344169617,0.9749839305877686,0.677507758140564,0.3696662485599518
0.9085218906402588,0.8919258713722229,0.975466251373291,0.8062737584114075,0.7224889993667603
0.9230426549911499,0.8948803544044495,0.9761078357696533,0.8065217137336731,0.7216244339942932
0.9044444561004639,0.8872003555297852,0.9745079278945923,0.6732677221298218,0.7202973365783691
0.9043055176734924,0.8870394229888916,0.9696587324142456,0.6729143261909485,0.36479949951171875
0.9199333786964417,0.8877971172332764,0.9697956442832947,0.674822986125946,0.7202650308609009
0.9058214426040649,0.8887984752655029,0.9705405235290527,0.8035397529602051,0.3694455027580261
0.9115369915962219,0.8954249620437622,0.975653350353241,0.6916696429252625,0.7242305874824524
0.9072695374488831,0.8904737830162048,0.9700039625167847,0.6805262565612793,0.7217954993247986
0.9143966436386108,0.9157128930091858,0.9740651845932007,0.6993808746337891,0.7258425354957581
0.9104176759719849,0.8941254019737244,0.9762166142463684,0.6887191534042358,0.7235750555992126
0.9127722978591919,0.8968596458435059,0.9768856763839722,0.6949474811553955,0.3887329399585724
0.9118391871452332,0.8957758545875549,0.9754573106765747,0.6924711465835571,0.7244070768356323
0.9052399396896362,0.8881216049194336,0.9743549823760986,0.803139328956604,0.3673149645328522
0.9191197156906128,0.9065505862236023,0.9718096256256104,0.788931667804718,0.6170692443847656
0.9184527397155762,0.8850408792495728,0.9722108244895935,0.6685569882392883,0.719323456287384
0.9181922674179077,0.8846800327301025,0.9721889495849609,0.8003125786781311,0.7191062569618225
0.9134678244590759,0.8976678252220154,0.9759588837623596,0.6968029737472534,0.7253913283348083
0.9139243960380554,0.8981985449790955,0.9764432907104492,0.8117295503616333,0.7256711721420288
0.9079957008361816,0.8913161158561707,0.9755250215530396,0.8057342171669006,0.7221692800521851
0.9080761075019836,0.9107797741889954,0.9726974964141846,0.6826074123382568,0.7222425937652588
0.9084233045578003,0.8918114304542542,0.9711877703666687,0.683506190776825,0.7224398255348206
0.9152418971061707,0.9163803458213806,0.9759878516197205,0.7016705870628357,0.7263531684875488
0.9227091073989868,0.8942667841911316,0.9760778546333313,0.8060739040374756,0.7214058041572571
0.9092826247215271,0.8928082585334778,0.9701458811759949,0.6857439875602722,0.37937217950820923
0.9089395999908447,0.8924102187156677,0.9747197031974792,0.8066904544830322,0.7227312922477722
0.9081419110298157,0.9106763601303101,0.9700832962989807,0.6829514503479004,0.7221588492393494
0.9057970643043518,0.8887671828269958,0.9748963117599487,0.8036642670631409,0.7210097908973694
0.9039014577865601,0.8865715861320496,0.974351704120636,0.8018895983695984,0.3637250065803528
0.9116266369819641,0.9133616089820862,0.9765517711639404,0.8090531826019287,0.7239696979522705
0.9118242859840393,0.9097958207130432,0.9713221192359924,0.7007842659950256,0.4156832993030548
0.9075307250022888,0.8907763361930847,0.9733293056488037,0.6811887621879578,0.721947968006134
0.9086485505104065,0.8920726180076599,0.9720677733421326,0.6840901374816895,0.7225686311721802
0.9155809879302979,0.9162986874580383,0.9746464490890503,0.8128112554550171,0.7260472178459167
0.9131437540054321,0.9147223830223083,0.9723705649375916,0.696012556552887,0.7250922918319702
0.9157435894012451,0.9003138542175293,0.9761766791343689,0.8136393427848816,0.7268075942993164
0.9087114930152893,0.892145574092865,0.973518431186676,0.6842540502548218,0.7226039171218872
0.919669508934021,0.88728266954422,0.970156192779541,0.6736315488815308,0.7201060652732849
0.9051789045333862,0.8880509734153748,0.9747189283370972,0.6751415133476257,0.3671531081199646
0.920437753200531,0.8886933326721191,0.9748643636703491,0.676852285861969,0.7206093668937683
0.92173171043396,0.8906680941581726,0.9753581881523132,0.8049799799919128,0.721652090549469
0.9141953587532043,0.91512531042099,0.9735283255577087,0.8112737536430359,0.39572030305862427
0.9102073907852173,0.9124566316604614,0.9761566519737244,0.6881698369979858,0.7234494686126709
0.9147553443908691,0.9159473776817322,0.9737563133239746,0.812397837638855,0.3954359292984009
0.9129230380058289,0.8970348238945007,0.976749837398529,0.695349395275116,0.7250592112541199
0.9108687043190002,0.9129821062088013,0.9763449430465698,0.6899067759513855,0.3831287622451782
0.9071819186210632,0.8903719782829285,0.9740142226219177,0.68028724193573,0.7217565774917603
0.9210801124572754,0.8899928331375122,0.9751731157302856,0.8040606379508972,0.7209789752960205
0.9206597208976746,0.8929246664047241,0.9712696075439453,0.6904031038284302,0.7186329960823059
0.9080632328987122,0.8913946151733398,0.975544273853302,0.8057956695556641,0.7222026586532593
0.9105212688446045,0.9127057194709778,0.9703645706176758,0.688993513584137,0.7238108515739441
0.9112576246261597,0.8951007127761841,0.9752053022384644,0.8089820146560669,0.7240510582923889
0.912200391292572,0.8961953520774841,0.975476861000061,0.8099527359008789,0.7246240377426147
0.9088319540023804,0.8922853469848633,0.9757645726203918,0.8065834045410156,0.7226691842079163
0.9230164289474487,0.8930224776268005,0.9759261012077332,0.6866101026535034,0.7225295305252075
0.9259596467018127,0.9109774231910706,0.9761326313018799,0.8054995536804199,0.7015432119369507
0.9028766751289368,0.8853855133056641,0.9728442430496216,0.6692940592765808,0.7194916605949402
0.9174900650978088,0.9157849550247192,0.9764541983604431,0.8117489218711853,0.723831832408905
0.9041893482208252,0.886922299861908,0.9724982976913452,0.6732021570205688,0.3670133352279663
0.914388120174408,0.8987376689910889,0.9773362278938293,0.69926917552948,0.7259595394134521
0.9102441668510437,0.9124839305877686,0.9761670827865601,0.8079735040664673,0.3813394606113434
0.9092573523521423,0.8927900195121765,0.9768840074539185,0.6860703825950623,0.72243732213974
0.9128198027610779,0.9144936800003052,0.9715566635131836,0.8105283379554749,0.7249387502670288
0.9077168107032776,0.8909927606582642,0.9699845910072327,0.8054693341255188,0.7221218943595886
0.9071857929229736,0.9100158214569092,0.9709278345108032,0.6803780198097229,0.7216596603393555
0.9066466689109802,0.8897669315338135,0.9704462885856628,0.8038673400878906,0.7208666801452637
0.9170721173286438,0.9018596410751343,0.975705087184906,0.7065327763557434,0.4019394814968109
0.9058621525764465,0.8888428807258606,0.9699945449829102,0.8037082552909851,0.7210273146629333
0.9194890856742859,0.8867838382720947,0.970684826374054,0.8020109534263611,0.7200618982315063
0.91939777135849,0.8867267966270447,0.9702572226524353,0.6723322868347168,0.7199543714523315
0.9207671284675598,0.888840913772583,0.9749142527580261,0.6768974661827087,0.7210296392440796
0.9174745678901672,0.9023278951644897,0.975800096988678,0.8155092597007751,0.7279385924339294
0.9188008904457092,0.8861370086669922,0.9709173440933228,0.8010554909706116,0.7193443775177002
0.9093567132949829,0.8928940892219543,0.9759142994880676,0.6859373450279236,0.37876349687576294
0.9149707555770874,0.8994150161743164,0.9775080680847168,0.700836718082428,0.7263243198394775
0.9173358082771301,0.902166485786438,0.9764003157615662,0.8153582215309143,0.7278468012809753
0.9077856540679932,0.9105570912361145,0.9724314212799072,0.6818492412567139,0.7220881581306458
0.920049250125885,0.8900777697563171,0.9702293872833252,0.8024698495864868,0.7193147540092468
0.9073503613471985,0.890567421913147,0.9753412008285522,0.6807268857955933,0.7218434810638428
0.906993567943573,0.8901539444923401,0.9752388596534729,0.8047873973846436,0.7216383814811707
0.9039936065673828,0.8866783380508423,0.9743782877922058,0.801975667476654,0.7200625538825989
0.9223969578742981,0.8988667726516724,0.9763845205307007,0.8047165274620056,0.7172112464904785
0.9137980341911316,0.9153076410293579,0.9769913554191589,0.6976972818374634,0.7255793213844299
0.9048944711685181,0.8877215385437012,0.9746372699737549,0.674415111541748,0.7205319404602051
0.9193293452262878,0.8864975571632385,0.969775378704071,0.6717471480369568,0.3636527955532074
0.9191938638687134,0.8863155245780945,0.9731040000915527,0.6713773608207703,0.7198381423950195
0.9067066311836243,0.8898247480392456,0.9751526117324829,0.8043539524078369,0.721326470375061
0.9036704897880554,0.8863042593002319,0.9742853045463562,0.8016766905784607,0.7198957800865173
0.9036152958869934,0.8862404823303223,0.974269449710846,0.6711620092391968,0.7198684811592102
0.9079433083534241,0.8912547826766968,0.9755107760429382,0.6822583675384521,0.7221746444702148
0.9210830926895142,0.8903459310531616,0.9740819334983826,0.8040253520011902,0.7208171486854553
0.922325074672699,0.8913882970809937,0.975106954574585,0.6825716495513916,0.3751632571220398
0.9222313165664673,0.891298234462738,0.9755195379257202,0.6824130415916443,0.7221187353134155
0.9223890900611877,0.8915342688560486,0.9752600193023682,0.6829273700714111,0.7222501635551453
0.9144284725189209,0.9157341718673706,0.9741448760032654,0.6994711756706238,0.7258561849594116
0.9077203869819641,0.909755527973175,0.9715871214866638,0.8044565320014954,0.7210027575492859
0.9137846231460571,0.898036539554596,0.975878894329071,0.8115498423576355,0.3918955624103546
0.9175994992256165,0.9183908104896545,0.9759057760238647,0.7079731822013855,0.4036151170730591
0.9088875651359558,0.9111907482147217,0.9757713079452515,0.6849724650382996,0.7223849892616272
0.9059895873069763,0.8889908790588379,0.9749506711959839,0.8038069009780884,0.7210738062858582
0.9114843606948853,0.8957110047340393,0.9763326644897461,0.6994619965553284,0.717839241027832
0.9050711393356323,0.8879268169403076,0.974687397480011,0.8029530048370361,0.7205982208251953
0.9081577658653259,0.9105648994445801,0.970141589641571,0.6831392049789429,0.7219613790512085
0.9182802438735962,0.9121730327606201,0.9764546751976013,0.7324045300483704,0.712940514087677
0.9148322343826294,0.9148127436637878,0.9756991863250732,0.7022998332977295,0.7242223620414734
0.9118030071258545,0.8957337141036987,0.9715778827667236,0.6923739910125732,0.7243873476982117
0.9236465692520142,0.8938324451446533,0.9745376110076904,0.8075912594795227,0.7231249213218689
0.9039508104324341,0.8866288661956787,0.9722002148628235,0.6720136404037476,0.363854318857193
0.9219642877578735,0.8912598490715027,0.9743217825889587,0.6826140284538269,0.7217347025871277
0.906046450138092,0.8890559673309326,0.9749677777290344,0.6773636341094971,0.3695155680179596
0.9120477437973022,0.8960181474685669,0.9754647612571716,0.8097912073135376,0.7245270013809204
0.9087311625480652,0.892168402671814,0.9723560810089111,0.8064837455749512,0.7226116061210632
0.9098467826843262,0.9121712446212769,0.9760538935661316,0.6872246265411377,0.7232412099838257
0.904483437538147,0.8872455358505249,0.9733245372772217,0.6733684539794922,0.7203157544136047
0.9104706048965454,0.9126291275024414,0.9708366990089417,0.6888993382453918,0.7235523462295532
0.9085752367973328,0.8919943571090698,0.9756826758384705,0.8060292601585388,0.7222261428833008
0.9085032939910889,0.910679817199707,0.9701004028320312,0.8056501746177673,0.7220714092254639
0.9090318083763123,0.8925172090530396,0.9758216738700867,0.6850895881652832,0.7227834463119507
0.913451611995697,0.9150292277336121,0.9715970158576965,0.8112233281135559,0.7253656983375549
0.9133265614509583,0.9148727655410767,0.976424515247345,0.8110131621360779,0.3907320499420166
0.9129677414894104,0.897087037563324,0.9765631556510925,0.8107268810272217,0.7250739932060242
0.9193136692047119,0.8885939121246338,0.9721287488937378,0.8015342354774475,0.7189264297485352
0.9088928699493408,0.9108497500419617,0.9757474064826965,0.805838942527771,0.7219008207321167
0.903994083404541,0.8866788744926453,0.9743784070014954,0.6721229553222656,0.7200634479522705
0.919741153717041,0.887274980545044,0.9745230674743652,0.6735244393348694,0.7202140092849731
0.9120420217514038,0.896011471748352,0.9751404523849487,0.6930100321769714,0.7245261669158936
0.9096313118934631,0.8932127356529236,0.9749757051467896,0.6866572499275208,0.37955713272094727
0.9197800159454346,0.8873181939125061,0.9697263240814209,0.6736046671867371,0.7202518582344055
0.9066554307937622,0.8897616267204285,0.9751423001289368,0.6789289116859436,0.7214707136154175
0.9069608449935913,0.8901164531707764,0.9740452766418457,0.8047338128089905,0.721598744392395
0.9151044487953186,0.916316032409668,0.9747381806373596,0.7012508511543274,0.7263334393501282
0.9130268096923828,0.8972170948982239,0.9775645136833191,0.6973558664321899,0.723239004611969
0.9022129774093628,0.8846175670623779,0.9716591238975525,0.6676215529441833,0.7191572785377502
0.9102746248245239,0.9125104546546936,0.9761757850646973,0.6883457899093628,0.7234892845153809
0.9161614775657654,0.9172077775001526,0.9756215214729309,0.7040714621543884,0.7270607948303223
0.9083343148231506,0.8917092084884644,0.9756214618682861,0.8060458898544312,0.7223401665687561
0.9205809831619263,0.9084813594818115,0.9719905257225037,0.7838402986526489,0.6482345461845398
0.9077920317649841,0.8910794258117676,0.975130558013916,0.8055701851844788,0.7220892310142517
0.9046863913536072,0.8874809145927429,0.9745771884918213,0.8026061058044434,0.720409095287323
0.9095860719680786,0.8931612372398376,0.9751760959625244,0.8072763681411743,0.7230477333068848
0.920272707939148,0.8885136246681213,0.9748157262802124,0.6765236258506775,0.7204450368881226
0.9135794043540955,0.8977975845336914,0.9725664258003235,0.6971014738082886,0.3911556601524353
0.9108895659446716,0.8946731090545654,0.9731716513633728,0.689963161945343,0.7238463759422302
0.9076376557350159,0.890903890132904,0.9748726487159729,0.6815990805625916,0.37452155351638794
0.9255278706550598,0.8974460959434509,0.9755584001541138,0.6969673037528992,0.7243793606758118
0.9069437384605408,0.8900961875915527,0.9752246737480164,0.8047434687614441,0.7216150164604187
0.9082428812980652,0.8916020393371582,0.9721874594688416,0.8060101270675659,0.7223414778709412
0.9146080613136292,0.9159498810768127,0.9766629338264465,0.8124183416366577,0.7260700464248657
0.9027542471885681,0.8852488398551941,0.974018931388855,0.6691667437553406,0.71922367811203
0.9132990837097168,0.8974718451499939,0.9757912158966064,0.8110812306404114,0.725287914276123
0.9052115678787231,0.8880894184112549,0.973533034324646,0.803084135055542,0.7206715941429138
0.9056501388549805,0.8885968923568726,0.9748541116714478,0.8035227656364441,0.720928966999054
0.9033507108688354,0.885934054851532,0.9698173999786377,0.6704917550086975,0.3622567653656006
0.9161624908447266,0.915915310382843,0.9753497838973999,0.8121688961982727,0.7250922322273254
0.9101678133010864,0.912380576133728,0.9761440753936768,0.8078369498252869,0.7233647108078003
0.9112033843994141,0.8950384259223938,0.9774876832962036,0.8088871836662292,0.384294718503952
0.9075256586074829,0.8907902836799622,0.9753598570823669,0.8045631051063538,0.7211960554122925
0.9077348709106445,0.8910130262374878,0.9754512310028076,0.681718647480011,0.37418872117996216
0.9088375568389893,0.892291784286499,0.9742140173912048,0.8065911531448364,0.7226744890213013
0.9097201228141785,0.912074863910675,0.9747240543365479,0.6868892312049866,0.7231735587120056
0.9214279055595398,0.9050087332725525,0.9751970767974854,0.7514293789863586,0.5409563183784485
0.912172257900238,0.896162748336792,0.9756501913070679,0.6933553814888,0.3869631588459015
0.9192893505096436,0.8864409923553467,0.9743183255195618,0.6716300249099731,0.7199215888977051
0.9045670032501221,0.8873422741889954,0.9696967005729675,0.6735806465148926,0.7203600406646729
0.9036052823066711,0.8862287402153015,0.9701444506645203,0.6711368560791016,0.7198628783226013
0.9087150692939758,0.8921497464179993,0.9699928164482117,0.8064707517623901,0.3781839907169342
0.9190108180046082,0.9153394103050232,0.9765450954437256,0.8106680512428284,0.7211900353431702
0.9086951017379761,0.9111884832382202,0.9757230877876282,0.6843001842498779,0.7224832773208618
0.9237298965454102,0.8936981558799744,0.9739182591438293,0.6877894997596741,0.723311722278595
0.9230404496192932,0.8933660984039307,0.9754807949066162,0.8067007660865784,0.7224053740501404
0.9103314876556396,0.894025444984436,0.976192057132721,0.8080657720565796,0.3815729320049286
0.9104300141334534,0.8941425085067749,0.9761505722999573,0.8080248236656189,0.7234436273574829
0.9112539291381836,0.9132785797119141,0.970951497554779,0.6909324526786804,0.7240495681762695
0.903950572013855,0.8866285681724548,0.9743658900260925,0.672012448310852,0.7200408577919006
0.9134185314178467,0.9149630069732666,0.975936770439148,0.8111321926116943,0.3909246027469635
0.9239617586135864,0.8948025703430176,0.9742971062660217,0.8079785704612732,0.7231628894805908
0.9109358191490173,0.8947268128395081,0.9706906676292419,0.6900821328163147,0.7238920331001282
0.9221776127815247,0.8915382623672485,0.9751236438751221,0.8055688142776489,0.7219308018684387
0.9169599413871765,0.9017289876937866,0.975572943687439,0.7062269449234009,0.727600634098053
0.9107060432434082,0.9128537774085999,0.9762986302375793,0.689477801322937,0.7237421870231628
0.9072719812393188,0.8904763460159302,0.9700003862380981,0.6805213093757629,0.7219255566596985
0.9128111004829407,0.8969047665596008,0.9768966436386108,0.8105782270431519,0.38884997367858887
0.9132354855537415,0.8973978757858276,0.9767773747444153,0.8110128045082092,0.7252464890480042
0.9081161022186279,0.8914552330970764,0.9748603105545044,0.8058820366859436,0.7222663164138794
0.9089925289154053,0.8924715518951416,0.9758104085922241,0.6849865317344666,0.37772637605667114
0.9072271585464478,0.8904244303703308,0.9735970497131348,0.680404007434845,0.7217813730239868
0.9206430912017822,0.8890134692192078,0.9749444127082825,0.6775488257408142,0.7207702994346619
0.9059967398643494,0.8889983892440796,0.9739105701446533,0.8038533926010132,0.36937522888183594
0.9070220589637756,0.8901866674423218,0.9749923944473267,0.6798740029335022,0.7216699123382568
0.903411865234375,0.8860049247741699,0.9742109179496765,0.801438570022583,0.7197635173797607
0.9056535959243774,0.8886011242866516,0.9748548269271851,0.803514301776886,0.3684923052787781
0.9081900715827942,0.9108476638793945,0.9700545072555542,0.6829262971878052,0.7224647402763367
0.918089747428894,0.8844263553619385,0.9704529643058777,0.6672105193138123,0.719069242477417
0.9153760671615601,0.8998863697052002,0.9772949814796448,0.7019301652908325,0.7265804409980774
0.9066200256347656,0.8897209763526917,0.9722985029220581,0.8044300079345703,0.7214357256889343
0.9144468307495117,0.9157683849334717,0.9739976525306702,0.6994998455047607,0.7258954048156738
0.914808452129364,0.8992262482643127,0.9766534566879272,0.7003995776176453,0.7262219786643982
0.9056782722473145,0.8886296153068542,0.9748620986938477,0.8035443425178528,0.3685348927974701
0.9084892272949219,0.891891360282898,0.9756626486778259,0.8060783743858337,0.37693071365356445
0.9120970368385315,0.8960753679275513,0.9749447107315063,0.6931565999984741,0.7245579957962036
